Name data loaded!
Success creating pipe: Namerequest
Success creating pipe: Namereply
Message: $LAST : JIM
 Results: JILEK,0.000,22936,JILES,0.002,5339,JILK,0.000,63039,JILL,0.000,71634,JILLSON,0.000,27543,JIM,0.001,8639,JIMBO,0.000,51177,JIMENES,0.001,15787,JIMENEZ,0.039,277,JIMENO,0.000,56487
Message: $LAST : JIM
 Results: JILEK,0.000,22936,JILES,0.002,5339,JILK,0.000,63039,JILL,0.000,71634,JILLSON,0.000,27543,JIM,0.001,8639,JIMBO,0.000,51177,JIMENES,0.001,15787,JIMENEZ,0.039,277,JIMENO,0.000,56487
Message: $LAST : JIM
 Results: JILEK,0.000,22936,JILES,0.002,5339,JILK,0.000,63039,JILL,0.000,71634,JILLSON,0.000,27543,JIM,0.001,8639,JIMBO,0.000,51177,JIMENES,0.001,15787,JIMENEZ,0.039,277,JIMENO,0.000,56487
Message: $LAST : JIM
 Results: JILEK,0.000,22936,JILES,0.002,5339,JILK,0.000,63039,JILL,0.000,71634,JILLSON,0.000,27543,JIM,0.001,8639,JIMBO,0.000,51177,JIMENES,0.001,15787,JIMENEZ,0.039,277,JIMENO,0.000,56487
Message: $LAST : DF
 Results: DEZEEUW,0.000,40933,DEZELL,0.000,85946,DEZENZO,0.000,64582,DEZERN,0.000,24746,DEZZUTTI,0.000,26653,DHALIWAL,0.000,64581,DHAMER,0.000,57621,DHAR,0.000,57620,DHARAS,0.000,73580,DHEEL,0.000,73579
Message: $FEMALE : KARA
 Results: KANDIS,0.001,3167,KANDRA,0.001,3960,KANDY,0.003,1847,KANESHA,0.001,4147,KANISHA,0.001,3638,KARA,0.041,381,KARAN,0.003,1993,KAREEN,0.001,3499,KAREN,0.667,13,KARENA,0.001,3260
Message: $LAST : SKON
 Results: SKOLFIELD,0.000,54175,SKOLNICK,0.000,21229,SKOLNIK,0.000,31112,SKOMO,0.000,67786,SKOMSKY,0.000,49347,SKONCZEWSKI,0.000,78054,SKONE,0.000,78053,SKOOG,0.001,12320,SKORA,0.000,27085,SKORCZ,0.000,45383
Message: $FEMALE : JUVIE
 Results: JUSTA,0.001,3560,JUSTIN,0.002,2791,JUSTINA,0.008,1037,JUSTINE,0.017,668,JUTTA,0.002,2390,KA,0.001,3076,KACEY,0.003,1893,KACI,0.003,2107,KACIE,0.003,2052,KACY,0.002,2720
Message: $FEMALE : JUVIAND
 Results: JUSTA,0.001,3560,JUSTIN,0.002,2791,JUSTINA,0.008,1037,JUSTINE,0.017,668,JUTTA,0.002,2390,KA,0.001,3076,KACEY,0.003,1893,KACI,0.003,2107,KACIE,0.003,2052,KACY,0.002,2720
Message: $LAST : RIVERA
 Results: RIVENBARK,0.001,17585,RIVENBERG,0.000,45689,RIVENBURG,0.001,13662,RIVENBURGH,0.000,27206,RIVER,0.001,15371,RIVERA,0.113,61,RIVERAS,0.000,68594,RIVERIA,0.001,12530,RIVERMAN,0.000,79098,RIVERO,0.002,4920
Message: $LAST : SKON
 Results: SKOLFIELD,0.000,54175,SKOLNICK,0.000,21229,SKOLNIK,0.000,31112,SKOMO,0.000,67786,SKOMSKY,0.000,49347,SKONCZEWSKI,0.000,78054,SKONE,0.000,78053,SKOOG,0.001,12320,SKORA,0.000,27085,SKORCZ,0.000,45383
Message: $MALE : JAMES
 Results: JAMAAL,0.006,917,JAMAL,0.014,565,JAMAR,0.006,859,JAME,0.008,782,JAMEL,0.007,822,JAMES,3.318,1,JAMEY,0.005,1042,JAMIE,0.066,233,JAMISON,0.005,1010,JAN,0.019,489
Message: $MALE : MICHAEL
 Results: MERLE,0.021,468,MERLIN,0.009,725,MERRILL,0.009,726,MERVIN,0.007,819,MICAH,0.017,520,MICHAEL,2.629,4,MICHAL,0.004,1209,MICHALE,0.004,1145,MICHEAL,0.123,147,MICHEL,0.012,627
Message: $MALE : JOHN
 Results: JODY,0.024,432,JOE,0.321,51,JOEL,0.152,133,JOESPH,0.012,622,JOEY,0.043,307,JOHN,3.271,2,JOHNATHAN,0.034,354,JOHNATHON,0.009,718,JOHNIE,0.007,827,JOHNNIE,0.052,273
Message: $FEMALE : JESSICA
 Results: JESICA,0.005,1394,JESSE,0.008,1044,JESSENIA,0.002,2565,JESSI,0.002,2297,JESSIA,0.001,4056,JESSICA,0.490,26,JESSIE,0.098,215,JESSIKA,0.001,3262,JESTINE,0.001,4055,JESUS,0.002,2281
Message: $FEMALE : MARY
 Results: MARVA,0.010,887,MARVEL,0.004,1660,MARVELLA,0.001,3700,MARVIS,0.001,3425,MARX,0.001,3484,MARY,2.629,1,MARYA,0.002,2748,MARYALICE,0.002,2939,MARYAM,0.002,2747,MARYANN,0.050,345
Message: $LAST : COLBERT
 Results: COLBATH,0.000,27854,COLBAUGH,0.000,64923,COLBECK,0.000,34037,COLBENSON,0.000,52406,COLBERG,0.000,20978,COLBERT,0.009,1316,COLBETH,0.000,64922,COLBORN,0.000,41089,COLBURN,0.004,2918,COLBY,0.005,2642
Message: $MALE : SETH
 Results: SCOTTIE,0.007,837,SCOTTY,0.013,593,SEAN,0.197,94,SEBASTIAN,0.010,677,SERGIO,0.049,289,SETH,0.048,292,SEYMOUR,0.007,836,SHAD,0.004,1164,SHANE,0.093,190,SHANNON,0.040,317
Message: $FEMALE : SETH
 Results: SEPTEMBER,0.001,4110,SERAFINA,0.001,3538,SERENA,0.013,762,SERINA,0.002,2273,SERITA,0.001,3298,SETSUKO,0.001,3537,SHA,0.002,2410,SHAE,0.001,3536,SHAINA,0.004,1624,SHAKIA,0.001,3414
Message: $FEMALE : SKON
 Results: SINDY,0.002,2503,SIOBHAN,0.003,1906,SIRENA,0.001,3849,SIU,0.001,3059,SIXTA,0.001,4201,SKYE,0.002,2353,SLYVIA,0.002,2602,SO,0.002,2668,SOCORRO,0.016,673,SOFIA,0.013,765
Message: $LAST : SKON
 Results: SKOLFIELD,0.000,54175,SKOLNICK,0.000,21229,SKOLNIK,0.000,31112,SKOMO,0.000,67786,SKOMSKY,0.000,49347,SKONCZEWSKI,0.000,78054,SKONE,0.000,78053,SKOOG,0.001,12320,SKORA,0.000,27085,SKORCZ,0.000,45383
Message: $LAST : WESTERDAHL
 Results: WESTENDORF,0.001,15616,WESTENHAVER,0.000,53432,WESTER,0.003,4210,WESTERBECK,0.000,76219,WESTERBERG,0.001,17929,WESTERFELD,0.000,59178,WESTERFIELD,0.001,8868,WESTERGAARD,0.000,76218,WESTERGARD,0.000,22534,WESTERHEIDE,0.000,53431
Message: $LAST : GARCIA
 Results: GARCEA,0.000,57144,GARCEAU,0.001,13519,GARCED,0.000,84793,GARCELON,0.000,84792,GARCES,0.001,10766,GARCIA,0.254,18,GARCIAS,0.000,35781,GARCILAZO,0.000,51739,GARCON,0.000,72717,GARCY,0.000,40686
Message: $MALE : SIMON
 Results: SHIRLEY,0.005,936,SHON,0.004,1208,SID,0.004,1199,SIDNEY,0.052,274,SILAS,0.009,719,SIMON,0.026,404,SOL,0.005,1050,SOLOMON,0.013,592,SON,0.012,608,SONNY,0.008,772
Message: $LAST : PENNINGTON
 Results: PENNIGTON,0.000,69212,PENNIMAN,0.001,18048,PENNIMPEDE,0.000,69211,PENNING,0.001,16045,PENNINGER,0.000,42535,PENNINGTON,0.016,732,PENNINO,0.000,35022,PENNISI,0.000,54982,PENNISON,0.000,61253,PENNISTON,0.000,29852
Message: $MALE : BIM
 Results: BERT,0.022,453,BERTRAM,0.005,1028,BILL,0.112,159,BILLIE,0.017,522,BILLY,0.248,73,BLAINE,0.015,559,BLAIR,0.008,748,BLAKE,0.036,342,BO,0.005,1043,BOB,0.055,266
Message: $MALE : BIM
 Results: BERT,0.022,453,BERTRAM,0.005,1028,BILL,0.112,159,BILLIE,0.017,522,BILLY,0.248,73,BLAINE,0.015,559,BLAIR,0.008,748,BLAKE,0.036,342,BO,0.005,1043,BOB,0.055,266
Message: $MALE : BIM
 Results: BERT,0.022,453,BERTRAM,0.005,1028,BILL,0.112,159,BILLIE,0.017,522,BILLY,0.248,73,BLAINE,0.015,559,BLAIR,0.008,748,BLAKE,0.036,342,BO,0.005,1043,BOB,0.055,266
Message: $LAST : SMAKE
 Results: SLYTER,0.000,26041,SLYTON,0.000,78018,SMACK,0.000,28316,SMADES,0.000,42043,SMAIL,0.001,16721,SMALARZ,0.000,67757,SMALDONE,0.000,54161,SMALE,0.000,24210,SMALL,0.021,556,SMALLEN,0.000,42042
Message: $LAST : SMOKE
 Results: SMITTLE,0.000,34688,SMITTY,0.000,78004,SMITZ,0.000,42040,SMOAK,0.001,12516,SMOCK,0.002,6420,SMOKE,0.000,32815,SMOKER,0.000,54153,SMOLA,0.000,29630,SMOLDER,0.000,36806,SMOLDT,0.000,42039
Message: $LAST : PIZZA
 Results: PIZANO,0.001,12749,PIZARRO,0.002,6299,PIZER,0.000,23492,PIZIRA,0.000,54899,PIZUR,0.000,69077,PIZZA,0.000,39574,PIZZANO,0.000,61143,PIZZARO,0.000,29819,PIZZELLA,0.000,45881,PIZZI,0.000,28488
Message: $LAST : POOP
 Results: POOLER,0.002,6425,POOLEY,0.001,14792,POOLHECO,0.000,79670,POON,0.001,11320,POONI,0.000,69010,POOR,0.001,8797,POORE,0.004,3334,POORMAN,0.001,13181,POORMON,0.000,33051,POORT,0.000,79669
Message: $LAST : RICH
 Results: RICCITELLI,0.000,68649,RICCIUTI,0.000,32981,RICCO,0.001,17172,RICE,0.064,146,RICENBERG,0.000,79166,RICH,0.019,611,RICHAN,0.000,79165,RICHARD,0.023,506,RICHARDS,0.049,212,RICHARDSON,0.112,63
Message: $LAST : QUACK
 Results: QIN,0.000,54790,QIU,0.000,45796,QUA,0.000,79496,QUAAS,0.000,60996,QUACH,0.001,8361,QUACKENBUSH,0.001,9094,QUADE,0.001,7804,QUADER,0.000,68886,QUADNAU,0.000,79495,QUAGLIANO,0.000,68885
Message: $LAST : HITLER
 Results: HITCHMAN,0.000,22201,HITE,0.005,2681,HITEMAN,0.000,83749,HITER,0.000,33624,HITES,0.000,19634,HITSMAN,0.000,51341,HITSON,0.000,47039,HITT,0.004,3401,HITTLE,0.001,15480,HITTMAN,0.000,63306
Message: $LAST : JESUS
 Results: JESSUP,0.003,3971,JEST,0.000,63045,JESTER,0.002,6360,JESTES,0.000,35516,JESTIS,0.000,83289,JESUS,0.001,11359,JESWALD,0.000,40377,JETER,0.005,2430,JETHRO,0.000,63044,JETHVA,0.000,63043
Message: $LAST : DEVIL
 Results: DEVEY,0.000,85960,DEVEYRA,0.000,64593,DEVICH,0.000,35964,DEVICK,0.000,85959,DEVIER,0.000,44055,DEVILBISS,0.000,21639,DEVILLA,0.000,33932,DEVILLE,0.002,7100,DEVILLEZ,0.000,57628,DEVILLIER,0.000,20289
Message: $LAST : PRICK
 Results: PRICE,0.099,76,PRICER,0.000,20605,PRICH,0.000,54825,PRICHARD,0.003,3538,PRICHETT,0.000,19484,PRICKETT,0.001,8029,PRIDDY,0.002,6160,PRIDE,0.003,3507,PRIDEAUX,0.000,23479,PRIDEMORE,0.002,7307
Message: $LAST : SMELL
 Results: SMEENK,0.000,67751,SMEJA,0.000,78010,SMEJKAL,0.000,54159,SMELCER,0.000,19967,SMELKO,0.000,67750,SMELLEY,0.001,12726,SMELSER,0.001,9770,SMELTZ,0.000,67749,SMELTZER,0.001,11628,SMERDON,0.000,78009
Message: $LAST : ASSMAN
 Results: ASSELMEIER,0.000,44677,ASSELTA,0.000,41441,ASSENMACHER,0.000,88331,ASSING,0.000,88330,ASSIS,0.000,88329,ASSUM,0.000,88328,AST,0.000,38655,ASTA,0.000,48414,ASTACIO,0.000,38654,ASTAFAN,0.000,88327
Message: $LAST : ASSLICK
 Results: ASSELMEIER,0.000,44677,ASSELTA,0.000,41441,ASSENMACHER,0.000,88331,ASSING,0.000,88330,ASSIS,0.000,88329,ASSUM,0.000,88328,AST,0.000,38655,ASTA,0.000,48414,ASTACIO,0.000,38654,ASTAFAN,0.000,88327
Message: $LAST : BOOT
 Results: BOOROM,0.000,87537,BOOS,0.001,12095,BOOSALIS,0.000,87536,BOOSE,0.001,10805,BOOSER,0.000,58348,BOOT,0.000,29283,BOOTE,0.000,65466,BOOTEN,0.000,44476,BOOTH,0.020,590,BOOTHBY,0.001,14400
Message: $LAST : LICK
 Results: LICHTENWALTER,0.000,70777,LICHTER,0.000,40097,LICHTIG,0.000,70776,LICHTMAN,0.000,20131,LICHTY,0.000,21438,LICK,0.000,62397,LICKERT,0.000,43106,LICKEY,0.000,70775,LICKFELT,0.000,82024,LICKISS,0.000,70774
Message: $LAST : KISS
 Results: KISLER,0.000,31717,KISLING,0.000,22152,KISNER,0.001,8637,KISOR,0.000,40287,KISRO,0.000,82904,KISS,0.001,12807,KISSACK,0.000,35459,KISSAM,0.000,37656,KISSANE,0.000,25452,KISSEE,0.001,17283
Message: $LAST : LOSER
 Results: LOSCO,0.000,40053,LOSE,0.000,35314,LOSECCO,0.000,55838,LOSEE,0.000,19079,LOSEKE,0.000,43065,LOSER,0.000,43064,LOSETH,0.000,81860,LOSEY,0.001,11674,LOSH,0.001,15433,LOSHBAUGH,0.000,43063
Message: $LAST : WINNER
 Results: WINLOCK,0.000,59097,WINN,0.008,1641,WINNE,0.000,34408,WINNEGAN,0.000,76096,WINNEN,0.000,66450,WINNER,0.002,5595,WINNERS,0.000,76095,WINNETT,0.001,17486,WINNEWISSER,0.000,76094,WINNEY,0.000,76093
Message: $LAST : SMACK
 Results: SLUYTER,0.000,54162,SLY,0.001,9630,SLYE,0.001,15661,SLYTER,0.000,26041,SLYTON,0.000,78018,SMACK,0.000,28316,SMADES,0.000,42043,SMAIL,0.001,16721,SMALARZ,0.000,67757,SMALDONE,0.000,54161
Message: $LAST : HORSE
 Results: HORRIS,0.000,71864,HORROCKS,0.001,9228,HORRY,0.000,40435,HORSBURGH,0.000,56634,HORSCH,0.000,33607,HORSE,0.000,83622,HORSEFORD,0.000,83621,HORSELY,0.000,56633,HORSEMAN,0.000,27569,HORSEY,0.000,20189
Message: $LAST : FUCK
 Results: FUCCI,0.000,23825,FUCHS,0.004,3225,FUCHSER,0.000,84913,FUCILE,0.000,84912,FUCILLO,0.000,57203,FUDA,0.000,43747,FUDACZ,0.000,84911,FUDALA,0.000,25600,FUDE,0.000,51784,FUDGE,0.002,6494
Message: $LAST : LOVE
 Results: LOVALLO,0.000,28698,LOVAN,0.000,26336,LOVAS,0.000,55822,LOVASZ,0.000,46518,LOVATO,0.002,5092,LOVE,0.035,311,LOVEALL,0.000,21427,LOVEBERRY,0.000,81840,LOVEC,0.000,70616,LOVECCHIO,0.000,35309
Message: $LAST : HATE
 Results: HATCHERSON,0.000,83994,HATCHET,0.000,72134,HATCHETT,0.003,3932,HATCHETTE,0.000,83993,HATCHITT,0.000,72133,HATFIELD,0.016,723,HATHAWAY,0.009,1453,HATHCOAT,0.000,51448,HATHCOCK,0.001,7535,HATHCOX,0.000,83992
Message: $LAST : HATUM
 Results: HATTMAN,0.000,56811,HATTO,0.000,83988,HATTON,0.005,2495,HATTORI,0.000,30297,HATTUB,0.000,63468,HATZELL,0.000,83987,HATZENBIHLER,0.000,72128,HATZENBUEHLER,0.000,63467,HATZENBUHLER,0.000,63466,HAU,0.000,19651
Message: $LAST : CHEAT
 Results: CHEAM,0.000,74206,CHEAN,0.000,58022,CHEANEY,0.000,47958,CHEARS,0.000,65030,CHEAS,0.000,86823,CHEATAM,0.000,23945,CHEATEM,0.000,52467,CHEATER,0.000,52466,CHEATHAM,0.005,2643,CHEATHAN,0.000,65029
Message: $LAST : LIPS
 Results: LIPPMAN,0.000,19580,LIPPOLD,0.000,20129,LIPPOLDT,0.000,81962,LIPPS,0.001,9669,LIPPY,0.000,50745,LIPS,0.000,81961,LIPSCHUTZ,0.000,62358,LIPSCOMB,0.006,2184,LIPSCOMBE,0.000,62357,LIPSETT,0.000,26350
Message: $LAST : MYATT
 Results: MUZZY,0.000,42726,MWAKITWILE,0.000,42725,MWAY,0.000,80721,MYALL,0.000,69783,MYART,0.000,46147,MYATT,0.001,7885,MYCROFT,0.000,80720,MYER,0.002,5393,MYERS,0.083,101,MYERSCOUGH,0.000,61674
Message: $LAST : KASPER
 Results: KASOWSKI,0.000,56389,KASPAR,0.001,12810,KASPAREK,0.000,30188,KASPARI,0.000,83110,KASPARIAN,0.000,31753,KASPER,0.003,4267,KASPEREK,0.000,56388,KASPERSKI,0.000,33537,KASPRAK,0.000,71507,KASPROWICZ,0.000,56387
Message: $LAST : FOG
 Results: FOERSCHLER,0.000,85054,FOERSTER,0.001,18227,FOERSTERLING,0.000,72920,FOERTSCH,0.000,64074,FOESCH,0.000,64073,FOGAL,0.000,23837,FOGARTY,0.003,4578,FOGEL,0.002,7031,FOGELMAN,0.000,51840,FOGELQUIST,0.000,47417
Message: $LAST : KEAGGY
 Results: KEA,0.001,13487,KEACH,0.001,16480,KEADLE,0.000,62922,KEADY,0.000,37692,KEAFFABER,0.000,62921,KEAGLE,0.000,19613,KEAGY,0.000,62920,KEAHEY,0.000,43312,KEAL,0.000,40328,KEALA,0.000,24564
Message: $LAST : STONEHILL
 Results: STONEBURNER,0.001,15985,STONECIPHER,0.001,14745,STONECYPHER,0.000,39109,STONEFIELD,0.000,67482,STONEHAM,0.000,26007,STONEHOUSE,0.000,29594,STONEKING,0.001,11619,STONELAKE,0.000,54005,STONEMAN,0.001,13634,STONER,0.006,2180
Message: $LAST : RANDY
 Results: RANDOLPH,0.018,669,RANDON,0.000,49849,RANDRUP,0.000,39498,RANDS,0.000,33010,RANDT,0.000,54751,RANDY,0.000,39497,RANDZIN,0.000,60934,RANE,0.000,45758,RANER,0.000,37077,RANES,0.000,29787
Message: $LAST : HOOP
 Results: HOOL,0.000,83641,HOOLEY,0.001,16895,HOOLIHAN,0.000,63245,HOOMANA,0.000,63244,HOON,0.000,43443,HOOP,0.000,22959,HOOPENGARDNER,0.000,63243,HOOPER,0.014,867,HOOPES,0.001,8474,HOOPII,0.000,43442
Message: $LAST : SHIT
 Results: SHIRTS,0.000,60288,SHIRVANIAN,0.000,78222,SHISHIDO,0.000,32850,SHISILA,0.000,78221,SHISLER,0.001,12948,SHIU,0.000,49417,SHIVE,0.001,17991,SHIVEL,0.000,54251,SHIVELY,0.003,4041,SHIVER,0.002,6838
Message: $LAST : DAM
 Results: DALUZ,0.001,15870,DALY,0.009,1349,DALZELL,0.001,16581,DALZEN,0.000,52282,DALZIEL,0.000,30555,DAM,0.001,12862,DAMA,0.000,86292,DAMAN,0.000,44154,DAMANN,0.000,64761,DAMARIO,0.000,41010
Message: $LAST : MCCALL
 Results: MCCAINE,0.000,55606,MCCALANAHAN,0.000,70244,MCCALEB,0.001,7890,MCCALEBB,0.000,70243,MCCALISTER,0.000,22837,MCCALL,0.018,673,MCCALLA,0.001,7956,MCCALLEN,0.000,39942,MCCALLEY,0.000,22836,MCCALLIE,0.000,20700
Message: $LAST : SLACK
 Results: SKYES,0.000,78044,SKYLES,0.000,20525,SLABAUGH,0.000,19421,SLABODA,0.000,78043,SLABY,0.000,39197,SLACK,0.004,3139,SLACKMAN,0.000,78042,SLACUM,0.000,36817,SLADE,0.005,2364,SLADEK,0.000,67777
Message: $MALE : RALPH
 Results: QUINN,0.005,994,QUINTIN,0.005,1009,QUINTON,0.013,600,RAFAEL,0.081,207,RALEIGH,0.005,1051,RALPH,0.282,62,RAMIRO,0.022,455,RAMON,0.090,196,RANDAL,0.020,477,RANDALL,0.138,139
Message: $MALE : LUKE
 Results: LUCIEN,0.007,844,LUCIO,0.006,873,LUCIUS,0.004,1171,LUIGI,0.004,1193,LUIS,0.189,104,LUKE,0.040,320,LUPE,0.005,971,LUTHER,0.043,309,LYLE,0.038,328,LYMAN,0.006,912
Message: $MALE : JOEL
 Results: JIMMY,0.191,99,JOAN,0.008,759,JOAQUIN,0.014,579,JODY,0.024,432,JOE,0.321,51,JOEL,0.152,133,JOESPH,0.012,622,JOEY,0.043,307,JOHN,3.271,2,JOHNATHAN,0.034,354
Message: $FEMALE : KATI
 Results: KATHRINE,0.011,828,KATHRYN,0.234,82,KATHRYNE,0.003,1961,KATHY,0.272,71,KATHYRN,0.003,2031,KATI,0.002,2280,KATIA,0.002,2906,KATIE,0.113,193,KATINA,0.009,947,KATLYN,0.002,2613
Message: $LAST : FACTOR
 Results: FACIO,0.000,24693,FACK,0.000,64224,FACKLER,0.001,18238,FACKRELL,0.000,29040,FACTEAU,0.000,32050,FACTOR,0.001,18721,FACUNDO,0.000,64223,FADALE,0.000,57370,FADDEN,0.000,20917,FADDIS,0.000,26611
Message: $LAST : SESSIONS
 Results: SESPINOSA,0.000,67991,SESSA,0.000,27122,SESSER,0.000,78336,SESSIN,0.000,78335,SESSION,0.001,7723,SESSIONS,0.003,3626,SESSLER,0.000,21896,SESSO,0.000,54295,SESSOM,0.000,42129,SESSOMS,0.002,5386
Message: $LAST : TRUMP
 Results: TRUMBLEY,0.000,66993,TRUMBO,0.001,17101,TRUMBORE,0.000,41803,TRUMBULL,0.001,14451,TRUMM,0.000,48950,TRUMP,0.001,8608,TRUMPER,0.000,66992,TRUMPOWER,0.000,41802,TRUMPP,0.000,76914,TRUMPS,0.000,66991
Message: $MALE : JAMES
 Results: JAMAAL,0.006,917,JAMAL,0.014,565,JAMAR,0.006,859,JAME,0.008,782,JAMEL,0.007,822,JAMES,3.318,1,JAMEY,0.005,1042,JAMIE,0.066,233,JAMISON,0.005,1010,JAN,0.019,489
Message: $MALE : LUKE
 Results: LUCIEN,0.007,844,LUCIO,0.006,873,LUCIUS,0.004,1171,LUIGI,0.004,1193,LUIS,0.189,104,LUKE,0.040,320,LUPE,0.005,971,LUTHER,0.043,309,LYLE,0.038,328,LYMAN,0.006,912
Message: $MALE : JACK
 Results: ISREAL,0.004,1129,ISSAC,0.010,698,IVAN,0.053,272,IVORY,0.006,899,JACINTO,0.004,1195,JACK,0.315,53,JACKIE,0.043,306,JACKSON,0.012,615,JACOB,0.165,122,JACQUES,0.008,763
Message: $MALE : JOHN
 Results: JODY,0.024,432,JOE,0.321,51,JOEL,0.152,133,JOESPH,0.012,622,JOEY,0.043,307,JOHN,3.271,2,JOHNATHAN,0.034,354,JOHNATHON,0.009,718,JOHNIE,0.007,827,JOHNNIE,0.052,273
Message: $MALE : JOSEPH
 Results: JORDAN,0.056,262,JORDON,0.004,1088,JORGE,0.104,175,JOSE,0.613,28,JOSEF,0.006,867,JOSEPH,1.404,9,JOSH,0.023,437,JOSHUA,0.435,38,JOSIAH,0.006,913,JOSPEH,0.004,1159
Message: $MALE : JESUS
 Results: JERROLD,0.005,981,JERRY,0.432,39,JESS,0.018,509,JESSE,0.209,89,JESSIE,0.065,235,JESUS,0.155,129,JEWEL,0.004,1212,JEWELL,0.004,1178,JIM,0.118,153,JIMMIE,0.058,260
Message: $FEMALE : JANE
 Results: JAMMIE,0.003,1859,JAN,0.051,340,JANA,0.031,449,JANAE,0.003,2034,JANAY,0.002,2987,JANE,0.250,77,JANEAN,0.001,3716,JANEE,0.001,3081,JANEEN,0.004,1485,JANEL,0.007,1136
Message: $FEMALE : MARY
 Results: MARVA,0.010,887,MARVEL,0.004,1660,MARVELLA,0.001,3700,MARVIS,0.001,3425,MARX,0.001,3484,MARY,2.629,1,MARYA,0.002,2748,MARYALICE,0.002,2939,MARYAM,0.002,2747,MARYANN,0.050,345
Message: $MALE : SNAP
 Results: SHON,0.004,1208,SID,0.004,1199,SIDNEY,0.052,274,SILAS,0.009,719,SIMON,0.026,404,SOL,0.005,1050,SOLOMON,0.013,592,SON,0.012,608,SONNY,0.008,772,SPENCER,0.030,384
Message: $FEMALE : JENSEN
 Results: JENNIE,0.073,265,JENNIFER,0.932,6,JENNIFFER,0.003,1965,JENNINE,0.001,3562,JENNY,0.068,282,JERALDINE,0.003,1897,JEREMY,0.001,4057,JERI,0.015,702,JERICA,0.001,3263,JERILYN,0.003,1784
Message: $LAST : JENNY
 Results: JENNINGS,0.039,274,JENNINS,0.000,71644,JENNISON,0.000,24580,JENNKIE,0.000,83304,JENNRICH,0.000,63051,JENNY,0.001,18164,JENOVESE,0.000,83303,JENQUIN,0.000,71643,JENRETTE,0.000,31775,JENS,0.000,83302
Message: $FEMALE : JENNY
 Results: JENNI,0.004,1617,JENNIE,0.073,265,JENNIFER,0.932,6,JENNIFFER,0.003,1965,JENNINE,0.001,3562,JENNY,0.068,282,JERALDINE,0.003,1897,JEREMY,0.001,4057,JERI,0.015,702,JERICA,0.001,3263
Message: $FEMALE : JOHN
 Results: JOETTE,0.001,3803,JOEY,0.003,1895,JOHANA,0.002,2946,JOHANNA,0.028,486,JOHANNE,0.001,3642,JOHN,0.012,819,JOHNA,0.001,3168,JOHNETTA,0.003,1894,JOHNETTE,0.001,3501,JOHNIE,0.003,1939
Message: $MALE : JOHN
 Results: JODY,0.024,432,JOE,0.321,51,JOEL,0.152,133,JOESPH,0.012,622,JOEY,0.043,307,JOHN,3.271,2,JOHNATHAN,0.034,354,JOHNATHON,0.009,718,JOHNIE,0.007,827,JOHNNIE,0.052,273
Message: $LAST : SHURBERT
 Results: SHUPING,0.000,54233,SHUPP,0.000,19423,SHUPTRINE,0.000,78193,SHUR,0.000,24217,SHURAK,0.000,78192,SHURE,0.000,36841,SHURGOT,0.000,54232,SHURKUS,0.000,67887,SHURLEY,0.000,32843,SHURMAN,0.000,31129
Message: $LAST : FDDF
 Results: FAZZINA,0.000,64179,FAZZINGA,0.000,85256,FAZZINO,0.000,24684,FAZZIO,0.000,35855,FAZZONE,0.000,40785,FEAGAN,0.000,33831,FEAGANES,0.000,64178,FEAGANS,0.000,73071,FEAGEN,0.000,64177,FEAGIN,0.001,10504
Message: $LAST : AAAA
 Results: AABERG,0.000,38738,AABY,0.000,75676,AADLAND,0.000,58868,AAGAARD,0.000,48524,AAKRE,0.000,48523,AALAND,0.000,75675,AALBERS,0.000,53210,AALDERINK,0.000,88799,AALUND,0.000,88798,AAMODT,0.000,41519
Message: $LAST : ZZZZ
 Results: ZYNDA,0.000,23273,ZYSETT,0.000,75677,ZYSK,0.000,38739,ZYSKOWSKI,0.000,44773,ZYWIEC,0.000,41520
Message: $FEMALE : RAVEN
 Results: RANDY,0.003,1695,RANEE,0.001,3470,RAQUEL,0.031,446,RASHEEDA,0.002,3015,RASHIDA,0.003,1908,RAVEN,0.005,1358,RAY,0.005,1348,RAYE,0.002,2605,RAYLENE,0.002,2932,RAYMOND,0.001,3063
Message: $MALE : PUNK
 Results: PIERRE,0.016,531,PORFIRIO,0.005,938,PORTER,0.004,1200,PRESTON,0.034,360,PRINCE,0.005,937,QUENTIN,0.015,562,QUINCY,0.010,675,QUINN,0.005,994,QUINTIN,0.005,1009,QUINTON,0.013,600
Message: $MALE : KING
 Results: KERRY,0.036,346,KEVEN,0.005,949,KEVIN,0.671,23,KIETH,0.006,898,KIM,0.028,397,KING,0.004,1055,KIP,0.005,995,KIRBY,0.009,722,KIRK,0.049,288,KOREY,0.004,1158
Message: $LAST : KING
 Results: KINDT,0.000,37660,KINE,0.000,33509,KINER,0.000,30166,KINERSON,0.000,71385,KINES,0.000,31719,KING,0.190,30,KINGCADE,0.000,56308,KINGDOM,0.000,43274,KINGDON,0.000,62852,KINGEN,0.000,71384
Message: $LAST : LIP
 Results: LIONETTI,0.000,40075,LIONS,0.000,62362,LIONTOS,0.000,70726,LIOTTA,0.000,28715,LIOU,0.000,37509,LIPA,0.000,70725,LIPAN,0.000,81968,LIPANI,0.000,62361,LIPARI,0.000,19084,LIPE,0.001,11833
Message: $LAST : LIPS
 Results: LIPPMAN,0.000,19580,LIPPOLD,0.000,20129,LIPPOLDT,0.000,81962,LIPPS,0.001,9669,LIPPY,0.000,50745,LIPS,0.000,81961,LIPSCHUTZ,0.000,62358,LIPSCOMB,0.006,2184,LIPSCOMBE,0.000,62357,LIPSETT,0.000,26350
Message: $LAST : BUTTS
 Results: BUTTREY,0.001,16602,BUTTRICK,0.000,58175,BUTTROSS,0.000,74469,BUTTRUM,0.000,48059,BUTTRY,0.000,23974,BUTTS,0.011,1144,BUTTZ,0.000,65217,BUTZ,0.001,8668,BUTZEN,0.000,65216,BUTZER,0.000,38456
Message: $LAST : BUTT
 Results: BUTREMOVIC,0.000,48061,BUTRICK,0.000,38458,BUTRON,0.000,52602,BUTSCH,0.000,58178,BUTSCHER,0.000,58177,BUTT,0.002,5069,BUTTA,0.000,52601,BUTTACCIO,0.000,87154,BUTTARI,0.000,87153,BUTTARO,0.000,58176
Message: $LAST : HOARE
 Results: HOAGUE,0.000,37809,HOAK,0.000,20196,HOANG,0.004,3248,HOAR,0.001,16134,HOARD,0.002,6398,HOARE,0.000,35585,HOBACK,0.000,24597,HOBAN,0.001,12407,HOBART,0.001,7968,HOBAUGH,0.000,21517
Message: $LAST : ZEL
 Results: ZEISS,0.000,38760,ZEITLER,0.001,15606,ZEITLIN,0.000,44801,ZEITZ,0.001,13127,ZEKRIA,0.000,66247,ZELADA,0.000,32522,ZELASCO,0.000,53254,ZELASKO,0.000,41542,ZELAYA,0.002,6937,ZELAZO,0.000,44800
Message: $LAST : ZUSE
 Results: ZURMILLER,0.000,44775,ZURN,0.000,28072,ZURO,0.000,75682,ZUROVEC,0.000,66187,ZUROWSKI,0.000,53216,ZUSMAN,0.000,75681,ZUTELL,0.000,38740,ZUTTER,0.000,53215,ZUVER,0.000,48526,ZUVICH,0.000,34355
Message: $LAST : ZUZE
 Results: ZUTELL,0.000,38740,ZUTTER,0.000,53215,ZUVER,0.000,48526,ZUVICH,0.000,34355,ZUWKOWSKI,0.000,66186,ZUZIAK,0.000,75680,ZVORSKY,0.000,53214,ZWACK,0.000,58873,ZWAGERMAN,0.000,30847,ZWAHLEN,0.000,41522
Message: $LAST : SKON
 Results: SKOLFIELD,0.000,54175,SKOLNICK,0.000,21229,SKOLNIK,0.000,31112,SKOMO,0.000,67786,SKOMSKY,0.000,49347,SKONCZEWSKI,0.000,78054,SKONE,0.000,78053,SKOOG,0.001,12320,SKORA,0.000,27085,SKORCZ,0.000,45383
Message: $FEMALE : TESS
 Results: TERRI,0.105,206,TERRIE,0.014,733,TERRILYN,0.001,4009,TERRY,0.080,253,TESHA,0.002,2850,TESS,0.003,1971,TESSA,0.010,885,TESSIE,0.007,1140,THALIA,0.002,2325,THANH,0.002,2204
Message: $FEMALE : MARY
 Results: MARVA,0.010,887,MARVEL,0.004,1660,MARVELLA,0.001,3700,MARVIS,0.001,3425,MARX,0.001,3484,MARY,2.629,1,MARYA,0.002,2748,MARYALICE,0.002,2939,MARYAM,0.002,2747,MARYANN,0.050,345
Message: $MALE : JAMES
 Results: JAMAAL,0.006,917,JAMAL,0.014,565,JAMAR,0.006,859,JAME,0.008,782,JAMEL,0.007,822,JAMES,3.318,1,JAMEY,0.005,1042,JAMIE,0.066,233,JAMISON,0.005,1010,JAN,0.019,489
Message: $LAST : NEAU
 Results: NEAS,0.000,55256,NEASE,0.001,14224,NEASON,0.000,37284,NEAT,0.000,37283,NEATHERY,0.000,19528,NEAULT,0.000,22776,NEAVE,0.000,31447,NEAVES,0.000,19527,NEBAREZ,0.000,80628,NEBEKER,0.001,17642
Message: $MALE : DSDSD
 Results: DOUG,0.040,323,DOUGLAS,0.367,45,DOUGLASS,0.004,1115,DOYLE,0.022,446,DREW,0.024,431,DUANE,0.077,215,DUDLEY,0.009,700,DUNCAN,0.007,803,DUSTIN,0.103,176,DUSTY,0.007,832
Message: $LAST : BERNDT
 Results: BERNAU,0.000,87861,BERNAUDO,0.000,87860,BERNBECK,0.000,87859,BERND,0.000,30750,BERNDSEN,0.000,65660,BERNDT,0.002,5680,BERNE,0.000,34234,BERNECKER,0.000,58492,BERNELL,0.000,87858,BERNER,0.001,8221
Message: $MALE : ADAMA
 Results: ABEL,0.019,485,ABRAHAM,0.035,347,ABRAM,0.005,1053,ADALBERTO,0.005,1040,ADAM,0.259,69,ADAN,0.008,752,ADOLFO,0.014,567,ADOLPH,0.011,642,ADRIAN,0.069,227,AGUSTIN,0.015,563
Message: $MALE : JAMES
 Results: JAMAAL,0.006,917,JAMAL,0.014,565,JAMAR,0.006,859,JAME,0.008,782,JAMEL,0.007,822,JAMES,3.318,1,JAMEY,0.005,1042,JAMIE,0.066,233,JAMISON,0.005,1010,JAN,0.019,489
Message: $MALE : ALEX
 Results: ALBERTO,0.053,270,ALDEN,0.006,889,ALDO,0.007,849,ALEC,0.006,930,ALEJANDRO,0.043,305,ALEX,0.115,156,ALEXANDER,0.132,141,ALEXIS,0.011,641,ALFONSO,0.038,331,ALFONZO,0.006,911
Message: $MALE : JOHN
 Results: JODY,0.024,432,JOE,0.321,51,JOEL,0.152,133,JOESPH,0.012,622,JOEY,0.043,307,JOHN,3.271,2,JOHNATHAN,0.034,354,JOHNATHON,0.009,718,JOHNIE,0.007,827,JOHNNIE,0.052,273
Message: $MALE : ROBERT
 Results: RIGOBERTO,0.011,653,RILEY,0.010,669,ROB,0.013,603,ROBBIE,0.016,537,ROBBY,0.008,780,ROBERT,3.143,3,ROBERTO,0.097,186,ROBIN,0.032,375,ROBT,0.005,982,ROCCO,0.011,645
Message: $LAST : MILNIKEL
 Results: MILMAN,0.000,61828,MILNE,0.003,4418,MILNER,0.005,2654,MILNES,0.000,26258,MILNIK,0.000,46248,MILNOR,0.000,46247,MILO,0.001,9660,MILON,0.000,42824,MILONAS,0.000,39847,MILONE,0.001,18560
Message: $LAST : SKON
 Results: SKOLFIELD,0.000,54175,SKOLNICK,0.000,21229,SKOLNIK,0.000,31112,SKOMO,0.000,67786,SKOMSKY,0.000,49347,SKONCZEWSKI,0.000,78054,SKONE,0.000,78053,SKOOG,0.001,12320,SKORA,0.000,27085,SKORCZ,0.000,45383
Message: $LAST : HOLDENER
 Results: HOLDAWAY,0.000,22198,HOLDBROOK,0.000,83696,HOLDCRAFT,0.000,83695,HOLDEMAN,0.000,23750,HOLDEN,0.013,919,HOLDER,0.014,857,HOLDERBAUM,0.000,56666,HOLDERBY,0.000,47017,HOLDERFIELD,0.000,40451,HOLDERMAN,0.001,14036
Message: $LAST : LAUB
 Results: LATZ,0.000,23671,LATZIG,0.000,70928,LATZKA,0.000,70927,LATZKE,0.000,56013,LAU,0.005,2351,LAUB,0.001,10884,LAUBACH,0.001,14263,LAUBACHER,0.000,70926,LAUBE,0.000,30102,LAUBER,0.001,17268
Message: $LAST : HARTLAUB
 Results: HARTJEN,0.000,84017,HARTKE,0.000,51458,HARTKOPF,0.000,63494,HARTL,0.001,16142,HARTLAGE,0.000,24620,HARTLE,0.002,6701,HARTLEBEN,0.000,72153,HARTLEIN,0.000,63493,HARTLEN,0.000,72152,HARTLEP,0.000,63492
Message: $MALE : BRAD
 Results: BOBBY,0.223,83,BOOKER,0.008,770,BORIS,0.006,860,BOYCE,0.004,1174,BOYD,0.019,487,BRAD,0.073,219,BRADFORD,0.021,467,BRADLEY,0.159,128,BRADLY,0.005,993,BRADY,0.014,571
Message: $MALE : BRAD
 Results: BOBBY,0.223,83,BOOKER,0.008,770,BORIS,0.006,860,BOYCE,0.004,1174,BOYD,0.019,487,BRAD,0.073,219,BRADFORD,0.021,467,BRADLEY,0.159,128,BRADLY,0.005,993,BRADY,0.014,571
Message: $LAST : HARTLAUB
 Results: HARTJEN,0.000,84017,HARTKE,0.000,51458,HARTKOPF,0.000,63494,HARTL,0.001,16142,HARTLAGE,0.000,24620,HARTLE,0.002,6701,HARTLEBEN,0.000,72153,HARTLEIN,0.000,63493,HARTLEN,0.000,72152,HARTLEP,0.000,63492
Message: $LAST : HART
 Results: HARSHMAN,0.001,10897,HARSIN,0.000,72155,HARSTAD,0.000,21536,HARSTON,0.000,40530,HARSY,0.000,84022,HART,0.054,179,HARTAGE,0.000,63499,HARTE,0.001,11063,HARTEAU,0.000,47109,HARTEL,0.000,33672
Message: $LAST : HEART
 Results: HEARON,0.001,16507,HEARRON,0.000,31863,HEARSON,0.000,63446,HEARST,0.000,19649,HEARSTON,0.000,83957,HEART,0.000,19156,HEARTLEY,0.000,83956,HEARTSILL,0.000,72101,HEARTZ,0.000,56793,HEASLET,0.000,47088
Message: $LAST : SMITH
 Results: SMILLIE,0.000,32817,SMILY,0.000,67745,SMINK,0.000,54155,SMISEK,0.000,67744,SMIT,0.001,12725,SMITH,1.006,1,SMITHBERGER,0.000,67743,SMITHE,0.000,78005,SMITHEE,0.000,34689,SMITHEN,0.000,67742
Message: $MALE : ROBERT
 Results: RIGOBERTO,0.011,653,RILEY,0.010,669,ROB,0.013,603,ROBBIE,0.016,537,ROBBY,0.008,780,ROBERT,3.143,3,ROBERTO,0.097,186,ROBIN,0.032,375,ROBT,0.005,982,ROCCO,0.011,645
Message: $MALE : JAMES
 Results: JAMAAL,0.006,917,JAMAL,0.014,565,JAMAR,0.006,859,JAME,0.008,782,JAMEL,0.007,822,JAMES,3.318,1,JAMEY,0.005,1042,JAMIE,0.066,233,JAMISON,0.005,1010,JAN,0.019,489
Message: $LAST : KARL
 Results: KARIMI,0.000,56402,KARIN,0.000,62955,KARINS,0.000,56401,KARJALA,0.000,46855,KARKUT,0.000,62954,KARL,0.002,5123,KARLE,0.001,17714,KARLEN,0.000,62953,KARLEY,0.000,56400,KARLGAARD,0.000,83130
Message: $LAST : SNAKE
 Results: SMYTHE,0.001,7719,SNACHEZ,0.000,67738,SNADERS,0.000,77993,SNAER,0.000,77992,SNAIR,0.000,54152,SNAPE,0.000,28313,SNAPLES,0.000,77991,SNAPP,0.002,6837,SNARE,0.000,29629,SNARR,0.000,26038
Message: $MALE : SNAKE
 Results: SHON,0.004,1208,SID,0.004,1199,SIDNEY,0.052,274,SILAS,0.009,719,SIMON,0.026,404,SOL,0.005,1050,SOLOMON,0.013,592,SON,0.012,608,SONNY,0.008,772,SPENCER,0.030,384
Message: $FEMALE : SNAKE
 Results: SIRENA,0.001,3849,SIU,0.001,3059,SIXTA,0.001,4201,SKYE,0.002,2353,SLYVIA,0.002,2602,SO,0.002,2668,SOCORRO,0.016,673,SOFIA,0.013,765,SOILA,0.001,4104,SOL,0.001,4017
Message: $FEMALE : SNAKE
 Results: SIRENA,0.001,3849,SIU,0.001,3059,SIXTA,0.001,4201,SKYE,0.002,2353,SLYVIA,0.002,2602,SO,0.002,2668,SOCORRO,0.016,673,SOFIA,0.013,765,SOILA,0.001,4104,SOL,0.001,4017
Message: $MALE : PILL
 Results: PETER,0.381,43,PHIL,0.021,460,PHILIP,0.197,95,PHILLIP,0.213,87,PIERRE,0.016,531,PORFIRIO,0.005,938,PORTER,0.004,1200,PRESTON,0.034,360,PRINCE,0.005,937,QUENTIN,0.015,562
Message: $FEMALE : PILL
 Results: PHYLISS,0.004,1567,PHYLLIS,0.219,93,PIA,0.002,2192,PIEDAD,0.002,2979,PILAR,0.006,1210,PING,0.001,3777,PINKIE,0.003,2005,PIPER,0.002,2292,POK,0.001,3936,POLLY,0.022,582
Message: $FEMALE : KATI
 Results: KATHRINE,0.011,828,KATHRYN,0.234,82,KATHRYNE,0.003,1961,KATHY,0.272,71,KATHYRN,0.003,2031,KATI,0.002,2280,KATIA,0.002,2906,KATIE,0.113,193,KATINA,0.009,947,KATLYN,0.002,2613
Message: $MALE : DOUGLAS
 Results: DONOVAN,0.010,667,DONTE,0.005,1033,DORIAN,0.006,870,DORSEY,0.004,1216,DOUG,0.040,323,DOUGLAS,0.367,45,DOUGLASS,0.004,1115,DOYLE,0.022,446,DREW,0.024,431,DUANE,0.077,215
Name data loaded!
Success creating pipe: Namerequest
Success creating pipe: Namereply
Message: $LAST : PIG
 Results: PIETTE,0.000,61176,PIETY,0.000,79803,PIETZ,0.000,21332,PIETZSCH,0.000,69109,PIFER,0.001,8704,PIGANELLI,0.000,79802,PIGAO,0.000,61175,PIGAT,0.000,69108,PIGEON,0.000,19491,PIGFORD,0.001,14512
Message: $LAST : SNIPES
 Results: SNIEZEK,0.000,42034,SNIFF,0.000,67735,SNIFFEN,0.000,34686,SNIFFIN,0.000,60154,SNIPE,0.000,25082,SNIPES,0.003,3818,SNITH,0.000,67734,SNITKER,0.000,67733,SNIVELY,0.001,17134,SNOBECK,0.000,49319
Message: $LAST : HARTLAUB
 Results: HARTJEN,0.000,84017,HARTKE,0.000,51458,HARTKOPF,0.000,63494,HARTL,0.001,16142,HARTLAGE,0.000,24620,HARTLE,0.002,6701,HARTLEBEN,0.000,72153,HARTLEIN,0.000,63493,HARTLEN,0.000,72152,HARTLEP,0.000,63492
Message: $LAST : BOOK
 Results: BOOCKS,0.000,32364,BOOCOCK,0.000,74772,BOODY,0.000,65468,BOOE,0.001,18794,BOOHER,0.002,5719,BOOK,0.002,4833,BOOKAMER,0.000,87540,BOOKARD,0.000,58350,BOOKBINDER,0.000,58349,BOOKER,0.019,632
Message: $FEMALE : TESS
 Results: TERRI,0.105,206,TERRIE,0.014,733,TERRILYN,0.001,4009,TERRY,0.080,253,TESHA,0.002,2850,TESS,0.003,1971,TESSA,0.010,885,TESSIE,0.007,1140,THALIA,0.002,2325,THANH,0.002,2204
Message: $MALE : JAMES
 Results: JAMAAL,0.006,917,JAMAL,0.014,565,JAMAR,0.006,859,JAME,0.008,782,JAMEL,0.007,822,JAMES,3.318,1,JAMEY,0.005,1042,JAMIE,0.066,233,JAMISON,0.005,1010,JAN,0.019,489
Message: $MALE : JOHN
 Results: JODY,0.024,432,JOE,0.321,51,JOEL,0.152,133,JOESPH,0.012,622,JOEY,0.043,307,JOHN,3.271,2,JOHNATHAN,0.034,354,JOHNATHON,0.009,718,JOHNIE,0.007,827,JOHNNIE,0.052,273
Message: $MALE : ROBERT
 Results: RIGOBERTO,0.011,653,RILEY,0.010,669,ROB,0.013,603,ROBBIE,0.016,537,ROBBY,0.008,780,ROBERT,3.143,3,ROBERTO,0.097,186,ROBIN,0.032,375,ROBT,0.005,982,ROCCO,0.011,645
Message: $FEMALE : MARY
 Results: MARVA,0.010,887,MARVEL,0.004,1660,MARVELLA,0.001,3700,MARVIS,0.001,3425,MARX,0.001,3484,MARY,2.629,1,MARYA,0.002,2748,MARYALICE,0.002,2939,MARYAM,0.002,2747,MARYANN,0.050,345
Message: $FEMALE : SACK
 Results: SABINE,0.003,2072,SABRA,0.003,1931,SABRINA,0.057,312,SACHA,0.001,3199,SACHIKO,0.002,2442,SADE,0.003,1744,SADIE,0.039,399,SADYE,0.001,3415,SAGE,0.001,3769,SALENA,0.002,2476
Message: $FEMALE : BLACK
 Results: BILLIE,0.069,278,BILLY,0.004,1481,BILLYE,0.002,2169,BIRDIE,0.007,1083,BIRGIT,0.002,2492,BLAIR,0.005,1356,BLAKE,0.001,4178,BLANCA,0.041,384,BLANCH,0.004,1523,BLANCHE,0.055,321
Message: $LAST : BLACK
 Results: BLACHE,0.000,48218,BLACHER,0.000,74896,BLACHLY,0.000,74895,BLACHOWSKI,0.000,87706,BLACIO,0.000,87705,BLACK,0.063,149,BLACKABY,0.000,41307,BLACKARD,0.000,30732,BLACKBIRD,0.000,87704,BLACKBUM,0.000,65574
Message: $LAST : WHITE
 Results: WHITCHER,0.001,17085,WHITCHURCH,0.001,18385,WHITCOMB,0.003,3622,WHITCOME,0.000,66509,WHITCRAFT,0.000,38833,WHITE,0.279,14,WHITEAKER,0.001,11125,WHITEBEAR,0.000,53416,WHITEBIRD,0.000,34429,WHITEBREAD,0.000,41647
Message: $LAST : BLUE
 Results: BLOYD,0.000,24009,BLOYE,0.000,87643,BLOYER,0.000,58396,BLUBAUGH,0.001,11596,BLUDWORTH,0.000,48201,BLUE,0.011,1162,BLUEL,0.000,87642,BLUEMEL,0.000,38544,BLUESTEIN,0.000,36244,BLUETT,0.000,44509
Message: $LAST : ORANGE
 Results: ORAHOOD,0.000,29886,ORAM,0.001,13198,ORAMA,0.000,33124,ORAN,0.000,29885,ORANDELLO,0.000,69445,ORANGE,0.002,7312,ORANSKY,0.000,50151,ORANTES,0.000,29884,ORAS,0.000,80278,ORAVEC,0.000,61432
Message: $LAST : PINK
 Results: PINHEIRO,0.001,11474,PINI,0.000,29824,PINICK,0.000,42494,PINILLA,0.000,29823,PINION,0.001,13681,PINK,0.001,8703,PINKARD,0.001,8799,PINKE,0.000,79786,PINKELTON,0.000,69094,PINKENBURG,0.000,79785
Message: $LAST : TAN
 Results: TAMPLIN,0.001,17117,TAMPORELLO,0.000,53894,TAMS,0.000,39051,TAMULIS,0.000,59812,TAMURA,0.001,11939,TAN,0.005,2588,TANABE,0.000,27025,TANAKA,0.003,3565,TANBERG,0.000,31028,TANCER,0.000,67290
Message: $LAST : PURPLE
 Results: PURKHISER,0.000,79513,PURKISS,0.000,61005,PURL,0.000,34946,PURNELL,0.004,2908,PUROL,0.000,61004,PURPLE,0.000,61003,PURPORA,0.000,37096,PURPURA,0.001,13949,PURRINGTON,0.000,33030,PURSEL,0.001,18496
Message: $LAST : RED
 Results: RECTENWALD,0.000,54726,RECTOR,0.006,2089,RECUPARO,0.000,79286,RECUPERO,0.000,42382,RECZEK,0.000,42381,RED,0.002,6840,REDA,0.001,14499,REDAL,0.000,79285,REDBIRD,0.000,54725,REDBURN,0.000,33001
Message: $LAST : GREEN
 Results: GREEB,0.000,84370,GREEK,0.000,19667,GREELEY,0.002,7210,GREELY,0.000,21557,GREEM,0.000,72420,GREEN,0.183,35,GREENAN,0.000,23791,GREENAWALT,0.001,10903,GREENAWAY,0.000,40597,GREENBACKER,0.000,72419
Message: $LAST : GOLD
 Results: GOLASZEWSKI,0.000,57011,GOLAY,0.000,20230,GOLBA,0.000,84495,GOLBERG,0.000,84494,GOLBIN,0.000,72523,GOLD,0.006,1984,GOLDA,0.000,63768,GOLDADE,0.000,33743,GOLDAK,0.000,84493,GOLDAMMER,0.000,43660
Message: $LAST : MARBLE
 Results: MARAZAS,0.000,62114,MARAZZI,0.000,62113,MARBACH,0.000,33321,MARBAN,0.000,37443,MARBERRY,0.000,28671,MARBLE,0.003,4470,MARBLEY,0.000,70377,MARBRAY,0.000,81537,MARBRY,0.000,37442,MARBURGER,0.001,14838
Message: $LAST : RASCAL
 Results: RASAVONG,0.000,79346,RASBAND,0.000,28449,RASBERRY,0.001,7801,RASBERY,0.000,60925,RASBURY,0.000,54742,RASCH,0.001,12152,RASCHE,0.000,68787,RASCHILLA,0.000,68786,RASCHKE,0.000,20010,RASCHKO,0.000,68785
Message: $LAST : HIDE
 Results: HIDAKA,0.000,83802,HIDALGO,0.005,2646,HIDAY,0.000,71992,HIDDE,0.000,83801,HIDDEN,0.000,47054,HIDES,0.000,40480,HIDINGER,0.000,56709,HIDROGO,0.000,63335,HIDVEGI,0.000,63334,HIDY,0.000,51369
Message: $LAST : LUST
 Results: LUSK,0.007,1788,LUSKEY,0.000,62249,LUSKIN,0.000,62248,LUSS,0.000,70560,LUSSIER,0.002,5868,LUST,0.001,11673,LUSTBERG,0.000,81762,LUSTER,0.003,3587,LUSTIG,0.001,18591,LUSTY,0.000,81761
Message: $LAST : LUSTER
 Results: LUSKIN,0.000,62248,LUSS,0.000,70560,LUSSIER,0.002,5868,LUST,0.001,11673,LUSTBERG,0.000,81762,LUSTER,0.003,3587,LUSTIG,0.001,18591,LUSTY,0.000,81761,LUTAO,0.000,62247,LUTCHMAN,0.000,62246
Message: $LAST : LUSH
 Results: LUSBY,0.001,11498,LUSCAVAGE,0.000,70562,LUSCO,0.000,43042,LUSCOMBE,0.000,43041,LUSE,0.001,18112,LUSH,0.000,20726,LUSHBAUGH,0.000,70561,LUSHER,0.001,14562,LUSIGNAN,0.000,55797,LUSK,0.007,1788
Message: $LAST : FLUSH
 Results: FLUMERFELT,0.000,51841,FLUMMER,0.000,47419,FLURRY,0.000,23838,FLURY,0.001,18228,FLUSCHE,0.000,40747,FLUTY,0.000,40746,FLY,0.001,12222,FLYE,0.000,47418,FLYGARE,0.000,43800,FLYNN,0.022,520
Message: $LAST : TRASH
 Results: TRAPENI,0.000,77005,TRAPHAGEN,0.000,77004,TRAPP,0.004,3456,TRAPPER,0.000,53763,TRAPPEY,0.000,45102,TRASHER,0.000,48980,TRASK,0.003,3909,TRASPORT,0.000,59609,TRASS,0.000,77003,TRASTER,0.000,59608
Message: $LAST : BIRD
 Results: BIRCHLER,0.000,27979,BIRCHWOOD,0.000,74920,BIRCKBICHLER,0.000,74919,BIRCKETT,0.000,74918,BIRCKHEAD,0.000,36260,BIRD,0.012,972,BIRDEN,0.000,21045,BIRDETTE,0.000,65594,BIRDIN,0.000,26805,BIRDINE,0.000,44531
Message: $LAST : BYRD
 Results: BYOUS,0.000,74459,BYRA,0.000,65208,BYRAM,0.001,10798,BYRAN,0.000,41198,BYRANT,0.000,27913,BYRD,0.041,261,BYRDSONG,0.000,87141,BYRER,0.000,48056,BYRGE,0.001,10653,BYRLEY,0.000,87140
Message: $LAST : SONG
 Results: SONDLES,0.000,77920,SONDRINI,0.000,67690,SONDROL,0.000,54134,SONDRUP,0.000,77919,SONES,0.000,19965,SONG,0.003,3660,SONGCO,0.000,45354,SONGER,0.001,9628,SONGSTER,0.000,54133,SONGY,0.000,77918
Message: $LAST : FROG
 Results: FROELICH,0.001,15835,FROELIGER,0.000,84932,FROEMMING,0.000,37998,FROESCHLE,0.000,57209,FROESE,0.000,35809,FROGGE,0.000,26583,FROHBERG,0.000,72813,FROHLICH,0.000,40721,FROHLING,0.000,43753,FROHMAN,0.000,27689
Message: $LAST : DOG
 Results: DOERRER,0.000,47649,DOERSAM,0.000,47648,DOESCHER,0.000,21631,DOETSCH,0.000,25671,DOFFING,0.000,85838,DOGAN,0.000,19721,DOGGETT,0.002,6186,DOGGETTE,0.000,57576,DOHAN,0.000,64511,DOHENY,0.000,44017
Message: $LAST : PUP
 Results: PUNTER,0.000,45803,PUNTILLO,0.000,79517,PUNZO,0.000,39520,PUORTO,0.000,49895,PUOTINEN,0.000,79516,PUPA,0.000,68902,PUPO,0.000,54798,PUPPE,0.000,68901,PUPPO,0.000,42430,PURATY,0.000,79515
Message: $LAST : SLUMP
 Results: SLOWINSKI,0.000,34692,SLOWN,0.000,42046,SLUDER,0.001,10161,SLUIS,0.000,67759,SLUKA,0.000,42045,SLUNAKER,0.000,42044,SLUPE,0.000,60169,SLUSAR,0.000,36808,SLUSARSKI,0.000,45375,SLUSHER,0.002,7124
Message: $LAST : SHEEP
 Results: SHEEKS,0.000,36856,SHEELER,0.000,21240,SHEELEY,0.001,17560,SHEELY,0.001,16004,SHEEN,0.001,16729,SHEER,0.000,78273,SHEERAN,0.001,17996,SHEERER,0.000,78272,SHEERIN,0.000,29658,SHEESLEY,0.000,54268
Message: $LAST : TRAMP
 Results: TRAMMELL,0.004,2871,TRAMMER,0.000,59612,TRAMONTANO,0.000,45104,TRAMONTE,0.000,38990,TRAMONTI,0.000,77008,TRAMP,0.000,67050,TRAMPE,0.000,59611,TRAN,0.024,476,TRANA,0.000,41826,TRANBARGER,0.000,45103
Message: $LAST : HOBO
 Results: HOBGOOD,0.001,10348,HOBIN,0.000,83740,HOBKIRK,0.000,63301,HOBLER,0.000,71937,HOBLIT,0.000,83739,HOBOCK,0.000,56685,HOBSON,0.007,1820,HOBSTETTER,0.000,83738,HOCATE,0.000,71936,HOCH,0.002,6224
Message: $LAST : THRUSH
 Results: THROSSELL,0.000,77170,THROWER,0.002,6144,THRUMAN,0.000,41856,THRUN,0.000,67159,THRUNE,0.000,59707,THRUSH,0.001,17113,THRUSTON,0.000,39014,THRUTHLEY,0.000,77169,THU,0.000,49039,THUESEN,0.000,39013
Message: $LAST : CARD
 Results: CARCHI,0.000,36139,CARCHIDI,0.000,38427,CARCIA,0.000,24841,CARCIERI,0.000,58110,CARCO,0.000,87026,CARD,0.004,3129,CARDA,0.000,58109,CARDAMONE,0.000,24840,CARDANI,0.000,41163,CARDARELLI,0.000,30647
Message: $LAST : SLUT
 Results: SLUSARSKI,0.000,45375,SLUSHER,0.002,7124,SLUSKI,0.000,78020,SLUSS,0.001,11950,SLUSSER,0.001,14477,SLUTER,0.000,60168,SLUTSKY,0.000,78019,SLUTZKY,0.000,67758,SLUYTER,0.000,54162,SLY,0.001,9630
Message: $LAST : TRAMP
 Results: TRAMMELL,0.004,2871,TRAMMER,0.000,59612,TRAMONTANO,0.000,45104,TRAMONTE,0.000,38990,TRAMONTI,0.000,77008,TRAMP,0.000,67050,TRAMPE,0.000,59611,TRAN,0.024,476,TRANA,0.000,41826,TRANBARGER,0.000,45103
Message: $LAST : SEX
 Results: SEWEALL,0.000,78318,SEWELL,0.010,1255,SEWER,0.000,34732,SEWESTER,0.000,67985,SEWYERD,0.000,78317,SEXAUER,0.000,39257,SEXSON,0.000,25107,SEXTON,0.017,680,SEY,0.000,67984,SEYAL,0.000,23394
Message: $LAST : HITLER
 Results: HITCHMAN,0.000,22201,HITE,0.005,2681,HITEMAN,0.000,83749,HITER,0.000,33624,HITES,0.000,19634,HITSMAN,0.000,51341,HITSON,0.000,47039,HITT,0.004,3401,HITTLE,0.001,15480,HITTMAN,0.000,63306
Message: $LAST : POLK
 Results: POLIVICK,0.000,79687,POLIVKA,0.000,69024,POLIZIO,0.000,49955,POLIZZI,0.001,14209,POLJAK,0.000,54868,POLK,0.011,1062,POLKA,0.000,29811,POLKINGHORN,0.000,37134,POLL,0.000,18989,POLLACCO,0.000,69023
Message: $LAST : OGILVIE
 Results: OGG,0.001,11009,OGIAMIEN,0.000,69516,OGIBA,0.000,61477,OGIER,0.000,33140,OGILIVE,0.000,80360,OGILVIE,0.001,10722,OGINSKI,0.000,69515,OGLE,0.005,2323,OGLES,0.001,14219,OGLESBEE,0.000,20645
Message: $LAST : OGILVIE-THOMPSON
 Results: OGIAMIEN,0.000,69516,OGIBA,0.000,61477,OGIER,0.000,33140,OGILIVE,0.000,80360,OGILVIE,0.001,10722,OGINSKI,0.000,69515,OGLE,0.005,2323,OGLES,0.001,14219,OGLESBEE,0.000,20645,OGLESBY,0.004,2777
Message: $LAST : THOMPSON
 Results: THOMLISON,0.000,49042,THOMMARSON,0.000,59713,THOMPKINS,0.002,5801,THOMPON,0.000,77184,THOMPSOM,0.000,36661,THOMPSON,0.269,17,THOMS,0.001,11139,THOMSEN,0.003,4103,THOMSON,0.008,1477,THOMSPON,0.000,67167
Message: $LAST : GAVIN
 Results: GAVIA,0.000,30386,GAVIDIA,0.000,57120,GAVIGAN,0.000,84745,GAVIGLIA,0.000,72682,GAVILANES,0.000,37972,GAVIN,0.005,2659,GAVINA,0.000,31975,GAVINSKI,0.000,84744,GAVIRIA,0.000,84743,GAVIT,0.000,72681
Message: $LAST : OGILVIE
 Results: OGG,0.001,11009,OGIAMIEN,0.000,69516,OGIBA,0.000,61477,OGIER,0.000,33140,OGILIVE,0.000,80360,OGILVIE,0.001,10722,OGINSKI,0.000,69515,OGLE,0.005,2323,OGLES,0.001,14219,OGLESBEE,0.000,20645
Message: $FEMALE : YANQI
 Results: YAHAIRA,0.001,3594,YAJAIRA,0.001,3670,YAN,0.002,2552,YANG,0.002,2734,YANIRA,0.002,2703,YASMIN,0.004,1653,YASMINE,0.001,3233,YASUKO,0.001,3286,YEE,0.002,2702,YELENA,0.001,3593
Message: $LAST : SKON
 Results: SKOLFIELD,0.000,54175,SKOLNICK,0.000,21229,SKOLNIK,0.000,31112,SKOMO,0.000,67786,SKOMSKY,0.000,49347,SKONCZEWSKI,0.000,78054,SKONE,0.000,78053,SKOOG,0.001,12320,SKORA,0.000,27085,SKORCZ,0.000,45383
Message: $LAST : WILHELM
 Results: WILFRED,0.000,41626,WILGING,0.000,76135,WILGOCKI,0.000,76134,WILGUS,0.000,21133,WILHAM,0.001,16671,WILHELM,0.006,2221,WILHELMI,0.000,36497,WILHELMS,0.000,26927,WILHELMSEN,0.000,36496,WILHELMY,0.000,53390
Message: $FEMALE : JUVI
 Results: JUSTA,0.001,3560,JUSTIN,0.002,2791,JUSTINA,0.008,1037,JUSTINE,0.017,668,JUTTA,0.002,2390,KA,0.001,3076,KACEY,0.003,1893,KACI,0.003,2107,KACIE,0.003,2052,KACY,0.002,2720
Message: $MALE : BENNETT
 Results: BEAU,0.009,712,BEN,0.078,212,BENEDICT,0.004,1124,BENITO,0.015,556,BENJAMIN,0.270,66,BENNETT,0.008,785,BENNIE,0.032,371,BENNY,0.030,382,BENTON,0.004,1175,BERNARD,0.127,142
Message: $MALE : COIRE
 Results: CLIFTON,0.050,279,CLINT,0.024,426,CLINTON,0.065,239,CLYDE,0.095,187,CODY,0.063,246,COLBY,0.009,703,COLE,0.010,682,COLEMAN,0.006,891,COLIN,0.031,378,COLLIN,0.009,739
Message: $LAST : XU
 Results: XIAO,0.000,26915,XIE,0.001,17912,XIMENEZ,0.000,41581,XIMINES,0.000,59024,XIONG,0.007,1731,XU,0.001,10540,XUE,0.000,48597,XYONG,0.000,66377,YA,0.000,48596,YABLONSKI,0.000,32539
Message: $LAST : RIVERA
 Results: RIVENBARK,0.001,17585,RIVENBERG,0.000,45689,RIVENBURG,0.001,13662,RIVENBURGH,0.000,27206,RIVER,0.001,15371,RIVERA,0.113,61,RIVERAS,0.000,68594,RIVERIA,0.001,12530,RIVERMAN,0.000,79098,RIVERO,0.002,4920
Message: $LAST : NEAU
 Results: NEAS,0.000,55256,NEASE,0.001,14224,NEASON,0.000,37284,NEAT,0.000,37283,NEATHERY,0.000,19528,NEAULT,0.000,22776,NEAVE,0.000,31447,NEAVES,0.000,19527,NEBAREZ,0.000,80628,NEBEKER,0.001,17642
Message: $LAST : RIVERA
 Results: RIVENBARK,0.001,17585,RIVENBERG,0.000,45689,RIVENBURG,0.001,13662,RIVENBURGH,0.000,27206,RIVER,0.001,15371,RIVERA,0.113,61,RIVERAS,0.000,68594,RIVERIA,0.001,12530,RIVERMAN,0.000,79098,RIVERO,0.002,4920
Message: $LAST : SCHUTZ
 Results: SCHUTJER,0.000,60434,SCHUTT,0.001,7646,SCHUTTE,0.001,10849,SCHUTTER,0.000,27141,SCHUTTLER,0.000,60433,SCHUTZ,0.002,5854,SCHUTZE,0.000,78481,SCHUTZENHOFER,0.000,34762,SCHUTZMAN,0.000,49507,SCHUUR,0.000,36904
Message: $LAST : RIVERA
 Results: RIVENBARK,0.001,17585,RIVENBERG,0.000,45689,RIVENBURG,0.001,13662,RIVENBURGH,0.000,27206,RIVER,0.001,15371,RIVERA,0.113,61,RIVERAS,0.000,68594,RIVERIA,0.001,12530,RIVERMAN,0.000,79098,RIVERO,0.002,4920
Message: $LAST : RIVERA
 Results: RIVENBARK,0.001,17585,RIVENBERG,0.000,45689,RIVENBURG,0.001,13662,RIVENBURGH,0.000,27206,RIVER,0.001,15371,RIVERA,0.113,61,RIVERAS,0.000,68594,RIVERIA,0.001,12530,RIVERMAN,0.000,79098,RIVERO,0.002,4920
Message: $LAST : SKON
 Results: SKOLFIELD,0.000,54175,SKOLNICK,0.000,21229,SKOLNIK,0.000,31112,SKOMO,0.000,67786,SKOMSKY,0.000,49347,SKONCZEWSKI,0.000,78054,SKONE,0.000,78053,SKOOG,0.001,12320,SKORA,0.000,27085,SKORCZ,0.000,45383
Message: $LAST : CLEMENT
 Results: CLEMANS,0.000,23937,CLEMEN,0.000,57952,CLEMENCE,0.000,41099,CLEMENS,0.004,2965,CLEMENSON,0.000,34052,CLEMENT,0.010,1243,CLEMENTE,0.002,4974,CLEMENTI,0.000,27863,CLEMENTS,0.013,922,CLEMENZA,0.000,74107
Message: $LAST : SCHUTZ
 Results: SCHUTJER,0.000,60434,SCHUTT,0.001,7646,SCHUTTE,0.001,10849,SCHUTTER,0.000,27141,SCHUTTLER,0.000,60433,SCHUTZ,0.002,5854,SCHUTZE,0.000,78481,SCHUTZENHOFER,0.000,34762,SCHUTZMAN,0.000,49507,SCHUUR,0.000,36904
Message: $LAST : SOLOIRO
 Results: SOLLORS,0.000,77945,SOLLY,0.000,31098,SOLMAN,0.000,49306,SOLMONSON,0.000,60135,SOLO,0.000,32805,SOLOMAN,0.001,8526,SOLOMEN,0.000,77944,SOLOMON,0.016,738,SOLOMONS,0.000,67699,SOLON,0.000,36796
Message: $LAST : ALPERIN
 Results: ALOSTA,0.000,88595,ALOUF,0.000,58792,ALOY,0.000,88594,ALPAUGH,0.000,23259,ALPER,0.000,25860,ALPERIN,0.000,88593,ALPERN,0.000,44730,ALPERS,0.000,21769,ALPERT,0.001,8509,ALPHA,0.000,66080
Message: $LAST : FUKUYAMA
 Results: FUKUI,0.000,31995,FUKUMOTO,0.000,40714,FUKUNAGA,0.000,43743,FUKUROKU,0.000,84903,FUKUSHIMA,0.000,21582,FULBRIGHT,0.001,8486,FULCHER,0.003,4203,FULCO,0.000,72790,FULDA,0.000,84902,FULEKI,0.000,84901
Message: $LAST : SKON
 Results: SKOLFIELD,0.000,54175,SKOLNICK,0.000,21229,SKOLNIK,0.000,31112,SKOMO,0.000,67786,SKOMSKY,0.000,49347,SKONCZEWSKI,0.000,78054,SKONE,0.000,78053,SKOOG,0.001,12320,SKORA,0.000,27085,SKORCZ,0.000,45383
Message: $LAST : JONES
 Results: JONCAS,0.000,43356,JONDAHL,0.000,40370,JONDLE,0.000,71626,JONDROW,0.000,83260,JONE,0.002,6174,JONES,0.621,4,JONESON,0.000,56469,JONG,0.000,21490,JONGEBLOED,0.000,71625,JONGELING,0.000,71624
Message: $MALE : YANQI
 Results: WINSTON,0.019,481,WM,0.033,364,WOODROW,0.025,412,WYATT,0.006,855,XAVIER,0.013,587,YONG,0.006,921,YOUNG,0.007,807,ZACHARIAH,0.005,957,ZACHARY,0.099,181,ZACHERY,0.008,761
Message: $LAST : WILHELM
 Results: WILFRED,0.000,41626,WILGING,0.000,76135,WILGOCKI,0.000,76134,WILGUS,0.000,21133,WILHAM,0.001,16671,WILHELM,0.006,2221,WILHELMI,0.000,36497,WILHELMS,0.000,26927,WILHELMSEN,0.000,36496,WILHELMY,0.000,53390
Message: $FEMALE : GHADA
 Results: GERTIE,0.005,1369,GERTRUD,0.002,2395,GERTRUDE,0.103,207,GERTRUDIS,0.001,4155,GERTUDE,0.001,3173,GHISLAINE,0.001,4154,GIA,0.002,2213,GIANNA,0.001,3132,GIDGET,0.001,3647,GIGI,0.002,2163
Message: $LAST : PARKER
 Results: PARISIO,0.000,61318,PARIZEK,0.000,80079,PARIZO,0.000,39648,PARK,0.025,461,PARKE,0.002,6847,PARKER,0.146,47,PARKERS,0.000,69298,PARKERSON,0.001,10036,PARKES,0.001,12360,PARKEY,0.001,18052
Message: $LAST : MURPHY
 Results: MUROS,0.000,69811,MURPH,0.001,11661,MURPHEY,0.002,6025,MURPHREE,0.001,7811,MURPHREY,0.000,35141,MURPHY,0.117,59,MURR,0.001,8452,MURRA,0.000,69810,MURRAH,0.001,18544,MURRAIN,0.000,61689
Message: $LAST : CLÈMENT
 Results: CLYMAN,0.000,74090,CLYMER,0.001,9854,CLYMORE,0.000,64947,CLYNE,0.001,16594,CLYNES,0.000,41094,CMIEL,0.000,86644,CO,0.000,47909,COACH,0.000,19755,COACHE,0.000,23933,COACHMAN,0.001,15229
Message: $MALE : OGILVIE-THOMPSON
 Results: NORRIS,0.011,643,NUMBERS,0.008,753,OCTAVIO,0.008,786,ODELL,0.010,694,ODIS,0.005,939,OLEN,0.005,958,OLIN,0.006,922,OLIVER,0.040,319,OLLIE,0.010,670,OMAR,0.036,340
Message: $LAST : RIVERA
 Results: RIVENBARK,0.001,17585,RIVENBERG,0.000,45689,RIVENBURG,0.001,13662,RIVENBURGH,0.000,27206,RIVER,0.001,15371,RIVERA,0.113,61,RIVERAS,0.000,68594,RIVERIA,0.001,12530,RIVERMAN,0.000,79098,RIVERO,0.002,4920
Message: $LAST : HOARE
 Results: HOAGUE,0.000,37809,HOAK,0.000,20196,HOANG,0.004,3248,HOAR,0.001,16134,HOARD,0.002,6398,HOARE,0.000,35585,HOBACK,0.000,24597,HOBAN,0.001,12407,HOBART,0.001,7968,HOBAUGH,0.000,21517
Message: $FEMALE : JULIETTE
 Results: JULIEANN,0.001,3714,JULIENNE,0.002,2647,JULIET,0.009,933,JULIETA,0.003,1914,JULIETTA,0.001,4053,JULIETTE,0.010,896,JULIO,0.001,4148,JULISSA,0.003,1963,JUNE,0.125,176,JUNG,0.006,1246
Message: $LAST : OLIVIERI
 Results: OLIVES,0.000,50157,OLIVIA,0.000,55143,OLIVID,0.000,80315,OLIVIER,0.002,7186,OLIVIERA,0.000,69479,OLIVIERI,0.001,12758,OLIVIO,0.000,61456,OLIVO,0.003,4387,OLIVOS,0.000,31401,OLK,0.000,39690
Message: $FEMALE : JESSIE
 Results: JESSE,0.008,1044,JESSENIA,0.002,2565,JESSI,0.002,2297,JESSIA,0.001,4056,JESSICA,0.490,26,JESSIE,0.098,215,JESSIKA,0.001,3262,JESTINE,0.001,4055,JESUS,0.002,2281,JESUSA,0.002,2947
Message: $FEMALE : MIKU
 Results: MIKA,0.002,3018,MIKAELA,0.001,3864,MIKE,0.001,3941,MIKI,0.001,3206,MIKKI,0.002,2328,MILA,0.002,2208,MILAGRO,0.002,2819,MILAGROS,0.013,772,MILDA,0.001,3248,MILDRED,0.313,60
Message: $MALE : AIDAN
 Results: ADOLPH,0.011,642,ADRIAN,0.069,227,AGUSTIN,0.015,563,AHMAD,0.006,885,AHMED,0.005,1000,AL,0.023,435,ALAN,0.204,91,ALBERT,0.314,54,ALBERTO,0.053,270,ALDEN,0.006,889
Message: $LAST : XU
 Results: XIAO,0.000,26915,XIE,0.001,17912,XIMENEZ,0.000,41581,XIMINES,0.000,59024,XIONG,0.007,1731,XU,0.001,10540,XUE,0.000,48597,XYONG,0.000,66377,YA,0.000,48596,YABLONSKI,0.000,32539
Message: $LAST : CLEMENT
 Results: CLEMANS,0.000,23937,CLEMEN,0.000,57952,CLEMENCE,0.000,41099,CLEMENS,0.004,2965,CLEMENSON,0.000,34052,CLEMENT,0.010,1243,CLEMENTE,0.002,4974,CLEMENTI,0.000,27863,CLEMENTS,0.013,922,CLEMENZA,0.000,74107
Message: $MALE : DIX
 Results: DIEGO,0.011,640,DILLON,0.005,964,DINO,0.006,893,DION,0.010,690,DIRK,0.008,750,DOMENIC,0.004,1066,DOMINGO,0.019,493,DOMINIC,0.032,374,DOMINICK,0.019,486,DOMINIQUE,0.008,768
Message: $LAST : NOTTINGHAM
 Results: NOTT,0.001,13447,NOTTAGE,0.000,23534,NOTTE,0.000,39716,NOTTER,0.000,20649,NOTTI,0.000,50194,NOTTINGHAM,0.002,6851,NOTTO,0.000,55195,NOTWICK,0.000,80446,NOUD,0.000,80445,NOUJAIM,0.000,69584
Message: $LAST : BARBEHENN
 Results: BARBATO,0.000,44622,BARBAZA,0.000,88141,BARBE,0.000,19825,BARBEAU,0.001,12106,BARBEE,0.005,2753,BARBELLA,0.000,65829,BARBEN,0.000,65828,BARBER,0.032,335,BARBERA,0.001,13116,BARBERI,0.000,41400
Message: $MALE : DICKS
 Results: DEWAYNE,0.018,502,DEWEY,0.023,434,DEWITT,0.006,918,DEXTER,0.021,466,DICK,0.009,721,DIEGO,0.011,640,DILLON,0.005,964,DINO,0.006,893,DION,0.010,690,DIRK,0.008,750
Message: $FEMALE : YANQI
 Results: YAHAIRA,0.001,3594,YAJAIRA,0.001,3670,YAN,0.002,2552,YANG,0.002,2734,YANIRA,0.002,2703,YASMIN,0.004,1653,YASMINE,0.001,3233,YASUKO,0.001,3286,YEE,0.002,2702,YELENA,0.001,3593
Message: $FEMALE : TESS
 Results: TERRI,0.105,206,TERRIE,0.014,733,TERRILYN,0.001,4009,TERRY,0.080,253,TESHA,0.002,2850,TESS,0.003,1971,TESSA,0.010,885,TESSIE,0.007,1140,THALIA,0.002,2325,THANH,0.002,2204
Message: $LAST : BROWN
 Results: BROWERS,0.000,52660,BROWING,0.000,41232,BROWLEY,0.000,87307,BROWM,0.000,65311,BROWMAN,0.000,74596,BROWN,0.621,5,BROWND,0.000,48103,BROWNE,0.008,1607,BROWNELL,0.003,4675,BROWNER,0.001,17422
Message: $FEMALE : AIDAN
 Results: AGRIPINA,0.001,3404,AGUEDA,0.001,4093,AGUSTINA,0.003,1830,AI,0.001,4092,AIDA,0.023,559,AIDE,0.001,3232,AIKO,0.001,3667,AILEEN,0.016,685,AILENE,0.001,3231,AIMEE,0.027,503
Message: $MALE : VROUSTORIS
 Results: VINCENZO,0.004,1207,VIRGIL,0.049,283,VIRGILIO,0.004,1119,VITO,0.009,738,VON,0.004,1162,WADE,0.045,300,WALDO,0.005,991,WALKER,0.005,997,WALLACE,0.056,264,WALLY,0.004,1191
Message: $LAST : BUTT
 Results: BUTREMOVIC,0.000,48061,BUTRICK,0.000,38458,BUTRON,0.000,52602,BUTSCH,0.000,58178,BUTSCHER,0.000,58177,BUTT,0.002,5069,BUTTA,0.000,52601,BUTTACCIO,0.000,87154,BUTTARI,0.000,87153,BUTTARO,0.000,58176
Message: $LAST : SCHALLER
 Results: SCHAIN,0.000,32905,SCHAK,0.000,68199,SCHAKEL,0.000,29706,SCHALK,0.001,18010,SCHALL,0.001,9773,SCHALLER,0.002,7368,SCHALLHORN,0.000,49568,SCHALLIG,0.000,78637,SCHALOW,0.000,54432,SCHAMBER,0.000,20557
Message: $MALE : ALTON
 Results: ALLEN,0.174,114,ALONSO,0.004,1219,ALONZO,0.022,451,ALPHONSE,0.007,824,ALPHONSO,0.011,654,ALTON,0.033,361,ALVA,0.007,793,ALVARO,0.012,619,ALVIN,0.105,169,AMADO,0.005,965
Message: $LAST : BRAUN
 Results: BRAUKUS,0.000,65384,BRAULIO,0.000,65383,BRAULT,0.001,15260,BRAUM,0.000,44437,BRAUMAN,0.000,74669,BRAUN,0.011,1149,BRAUNBECK,0.000,58298,BRAUNBERGER,0.000,74668,BRAUND,0.000,34168,BRAUNE,0.000,58297
Message: $LAST : BUTTS
 Results: BUTTREY,0.001,16602,BUTTRICK,0.000,58175,BUTTROSS,0.000,74469,BUTTRUM,0.000,48059,BUTTRY,0.000,23974,BUTTS,0.011,1144,BUTTZ,0.000,65217,BUTZ,0.001,8668,BUTZEN,0.000,65216,BUTZER,0.000,38456
Message: $MALE : AIDAN
 Results: ADOLPH,0.011,642,ADRIAN,0.069,227,AGUSTIN,0.015,563,AHMAD,0.006,885,AHMED,0.005,1000,AL,0.023,435,ALAN,0.204,91,ALBERT,0.314,54,ALBERTO,0.053,270,ALDEN,0.006,889
Message: $LAST : BUTTS
 Results: BUTTREY,0.001,16602,BUTTRICK,0.000,58175,BUTTROSS,0.000,74469,BUTTRUM,0.000,48059,BUTTRY,0.000,23974,BUTTS,0.011,1144,BUTTZ,0.000,65217,BUTZ,0.001,8668,BUTZEN,0.000,65216,BUTZER,0.000,38456
Message: $LAST : POLLACK
 Results: POLK,0.011,1062,POLKA,0.000,29811,POLKINGHORN,0.000,37134,POLL,0.000,18989,POLLACCO,0.000,69023,POLLACK,0.004,3292,POLLAK,0.001,10033,POLLAN,0.000,26162,POLLAND,0.000,39551,POLLARA,0.000,61101
Message: $LAST : METZGER
 Results: METZ,0.008,1657,METZEL,0.000,81056,METZER,0.000,24411,METZGA,0.000,81055,METZGAR,0.000,19543,METZGER,0.006,2037,METZINGER,0.001,15119,METZKER,0.000,55468,METZLER,0.003,3737,METZNER,0.000,33240
Message: $LAST : COLBERT
 Results: COLBATH,0.000,27854,COLBAUGH,0.000,64923,COLBECK,0.000,34037,COLBENSON,0.000,52406,COLBERG,0.000,20978,COLBERT,0.009,1316,COLBETH,0.000,64922,COLBORN,0.000,41089,COLBURN,0.004,2918,COLBY,0.005,2642
Message: $LAST : BAKBOUK
 Results: BAKA,0.000,53001,BAKALAR,0.000,41417,BAKALARS,0.000,88211,BAKALER,0.000,65859,BAKANAUSKAS,0.000,58641,BAKE,0.000,21755,BAKELEY,0.000,75269,BAKEMEIER,0.000,44641,BAKEN,0.000,34288,BAKER,0.171,37
Message: $LAST : YANQI
 Results: YANNUZZI,0.000,44834,YANOFF,0.000,75946,YANOFSKY,0.000,48592,YANOS,0.000,38787,YANOSKY,0.000,59012,YANT,0.000,22517,YANTIS,0.000,18850,YANTZ,0.000,59011,YANTZER,0.000,59010,YANTZI,0.000,66353
Message: $LAST : JONES
 Results: JONCAS,0.000,43356,JONDAHL,0.000,40370,JONDLE,0.000,71626,JONDROW,0.000,83260,JONE,0.002,6174,JONES,0.621,4,JONESON,0.000,56469,JONG,0.000,21490,JONGEBLOED,0.000,71625,JONGELING,0.000,71624
Message: $LAST : SMITH
 Results: SMILLIE,0.000,32817,SMILY,0.000,67745,SMINK,0.000,54155,SMISEK,0.000,67744,SMIT,0.001,12725,SMITH,1.006,1,SMITHBERGER,0.000,67743,SMITHE,0.000,78005,SMITHEE,0.000,34689,SMITHEN,0.000,67742
Message: $LAST : LAMBRINOS
 Results: LAMBOURNE,0.000,70996,LAMBOY,0.000,26381,LAMBRAKIS,0.000,62579,LAMBRECHT,0.001,9816,LAMBRIGHT,0.001,16464,LAMBROS,0.000,22896,LAMBRUKOS,0.000,62578,LAMBSON,0.000,23680,LAMBUTH,0.000,82362,LAME,0.000,35385
Message: $LAST : VANCE
 Results: VANBRUNT,0.001,15028,VANBUREN,0.003,4463,VANBUSKIRK,0.002,5933,VANCAMP,0.001,11772,VANCAMPEN,0.000,45032,VANCE,0.019,610,VANCHERI,0.000,48878,VANCIL,0.000,20468,VANCISE,0.000,29504,VANCLEAF,0.000,76718
Message: $LAST : MURPHY
 Results: MUROS,0.000,69811,MURPH,0.001,11661,MURPHEY,0.002,6025,MURPHREE,0.001,7811,MURPHREY,0.000,35141,MURPHY,0.117,59,MURR,0.001,8452,MURRA,0.000,69810,MURRAH,0.001,18544,MURRAIN,0.000,61689
Message: $MALE : SPALDING
 Results: SIMON,0.026,404,SOL,0.005,1050,SOLOMON,0.013,592,SON,0.012,608,SONNY,0.008,772,SPENCER,0.030,384,STACEY,0.011,650,STACY,0.017,517,STAN,0.015,550,STANFORD,0.005,1002
Message: $LAST : SEAVER
 Results: SEASTRAND,0.000,54342,SEAT,0.000,22648,SEATE,0.000,60397,SEATON,0.004,3458,SEATS,0.000,19435,SEAVER,0.001,8167,SEAVERS,0.000,39276,SEAVEY,0.001,8351,SEAVY,0.000,45503,SEAWARD,0.000,36893
Message: $LAST : KOCK
 Results: KOCI,0.000,56241,KOCIAN,0.000,21470,KOCIEDA,0.000,82777,KOCIK,0.000,43239,KOCIOLEK,0.000,62785,KOCK,0.000,33490,KOCKA,0.000,62784,KOCKLER,0.000,62783,KOCON,0.000,50999,KOCOUREK,0.000,46761
Message: $MALE : POOP
 Results: PETER,0.381,43,PHIL,0.021,460,PHILIP,0.197,95,PHILLIP,0.213,87,PIERRE,0.016,531,PORFIRIO,0.005,938,PORTER,0.004,1200,PRESTON,0.034,360,PRINCE,0.005,937,QUENTIN,0.015,562
Message: $FEMALE : Q
 Results: PRISCILA,0.001,3541,PRISCILLA,0.071,273,PROVIDENCIA,0.001,3203,PRUDENCE,0.004,1655,PURA,0.001,3419,QIANA,0.002,2559,QUEEN,0.009,923,QUEENIE,0.002,2136,QUIANA,0.002,2356,QUINN,0.001,3691
Message: $MALE : ALEXANDER
 Results: ALDEN,0.006,889,ALDO,0.007,849,ALEC,0.006,930,ALEJANDRO,0.043,305,ALEX,0.115,156,ALEXANDER,0.132,141,ALEXIS,0.011,641,ALFONSO,0.038,331,ALFONZO,0.006,911,ALFRED,0.162,125
Message: $MALE : COIRE
 Results: CLIFTON,0.050,279,CLINT,0.024,426,CLINTON,0.065,239,CLYDE,0.095,187,CODY,0.063,246,COLBY,0.009,703,COLE,0.010,682,COLEMAN,0.006,891,COLIN,0.031,378,COLLIN,0.009,739
Message: $MALE : COREY
 Results: COLTON,0.004,1160,COLUMBUS,0.005,1026,CONNIE,0.005,967,CONRAD,0.022,456,CORDELL,0.004,1116,COREY,0.098,182,CORNELIUS,0.021,461,CORNELL,0.008,787,CORTEZ,0.004,1154,CORY,0.068,229
Message: $LAST : UHRIK
 Results: UHM,0.000,38951,UHRHAMMER,0.000,76812,UHRI,0.000,59517,UHRICH,0.000,19903,UHRIG,0.000,19384,UHRIN,0.000,76811,UHRMACHER,0.000,48914,UHYREK,0.000,48913,UIHLEIN,0.000,66923,UIMARI,0.000,66922
Message: $LAST : BOOTY
 Results: BOOTHE,0.003,3549,BOOTHMAN,0.000,74770,BOOTHROYD,0.000,38527,BOOTON,0.000,36227,BOOTS,0.001,14114,BOOTY,0.000,44475,BOOZE,0.001,11913,BOOZER,0.002,6004,BOPP,0.001,9467,BOPPRE,0.000,87535
Message: $LAST : BUTTS
 Results: BUTTREY,0.001,16602,BUTTRICK,0.000,58175,BUTTROSS,0.000,74469,BUTTRUM,0.000,48059,BUTTRY,0.000,23974,BUTTS,0.011,1144,BUTTZ,0.000,65217,BUTZ,0.001,8668,BUTZEN,0.000,65216,BUTZER,0.000,38456
Message: $LAST : BARRETT
 Results: BARRERO,0.000,41388,BARRESI,0.000,34271,BARRET,0.001,16644,BARRETE,0.000,88106,BARRETO,0.003,4678,BARRETT,0.039,280,BARRETTA,0.000,24034,BARRETTE,0.001,10815,BARRETTO,0.000,34270,BARRIA,0.000,65805
Message: $LAST : HOJNACKI
 Results: HOITT,0.000,51322,HOIUM,0.000,63271,HOIVIK,0.000,83703,HOJCZYK,0.000,83702,HOJEIJ,0.000,83701,HOJNACKI,0.000,40453,HOK,0.000,71914,HOKAMA,0.000,28880,HOKANSON,0.000,19630,HOKE,0.003,4690
Message: $LAST : POOR
 Results: POOLER,0.002,6425,POOLEY,0.001,14792,POOLHECO,0.000,79670,POON,0.001,11320,POONI,0.000,69010,POOR,0.001,8797,POORE,0.004,3334,POORMAN,0.001,13181,POORMON,0.000,33051,POORT,0.000,79669
Message: $LAST : JAMES
 Results: JAME,0.000,31786,JAMEEL,0.000,63086,JAMEL,0.000,83366,JAMER,0.000,83365,JAMERSON,0.002,5541,JAMES,0.105,71,JAMESON,0.006,2220,JAMESSON,0.000,83364,JAMGOCHIAN,0.000,83363,JAMI,0.000,83362
Message: $LAST : LARSON
 Results: LARROW,0.000,30107,LARRY,0.003,3510,LARS,0.000,30106,LARSEN,0.021,570,LARSH,0.000,70945,LARSON,0.044,241,LARSSON,0.000,27473,LARTEY,0.000,56028,LARTIGUE,0.000,43145,LARUBBIO,0.000,50837
Message: $LAST : SCHUTZ
 Results: SCHUTJER,0.000,60434,SCHUTT,0.001,7646,SCHUTTE,0.001,10849,SCHUTTER,0.000,27141,SCHUTTLER,0.000,60433,SCHUTZ,0.002,5854,SCHUTZE,0.000,78481,SCHUTZENHOFER,0.000,34762,SCHUTZMAN,0.000,49507,SCHUUR,0.000,36904
Message: $LAST : SCHULTZ
 Results: SCHULTER,0.000,78486,SCHULTES,0.000,39286,SCHULTHEIS,0.001,16734,SCHULTHEISS,0.000,31167,SCHULTHESS,0.000,60439,SCHULTZ,0.035,315,SCHULTZE,0.000,21256,SCHULWEIS,0.000,49509,SCHULZ,0.007,1934,SCHULZE,0.003,4280
Message: $LAST : BOGUS
 Results: BOGOSH,0.000,52767,BOGREN,0.000,34204,BOGUCKI,0.000,34203,BOGUE,0.001,10664,BOGUMIL,0.000,65502,BOGUS,0.000,29290,BOGUST,0.000,74826,BOGUT,0.000,87594,BOHAC,0.000,34202,BOHALL,0.000,32369
Message: $LAST : AAA
 Results: AABERG,0.000,38738,AABY,0.000,75676,AADLAND,0.000,58868,AAGAARD,0.000,48524,AAKRE,0.000,48523,AALAND,0.000,75675,AALBERS,0.000,53210,AALDERINK,0.000,88799,AALUND,0.000,88798,AAMODT,0.000,41519
Message: $LAST : AAA
 Results: AABERG,0.000,38738,AABY,0.000,75676,AADLAND,0.000,58868,AAGAARD,0.000,48524,AAKRE,0.000,48523,AALAND,0.000,75675,AALBERS,0.000,53210,AALDERINK,0.000,88799,AALUND,0.000,88798,AAMODT,0.000,41519
Message: $LAST : AABERG
 Results: AABERG,0.000,38738,AABY,0.000,75676,AADLAND,0.000,58868,AAGAARD,0.000,48524,AAKRE,0.000,48523,AALAND,0.000,75675,AALBERS,0.000,53210,AALDERINK,0.000,88799,AALUND,0.000,88798,AAMODT,0.000,41519
Message: $LAST : AAAAA
 Results: AABERG,0.000,38738,AABY,0.000,75676,AADLAND,0.000,58868,AAGAARD,0.000,48524,AAKRE,0.000,48523,AALAND,0.000,75675,AALBERS,0.000,53210,AALDERINK,0.000,88799,AALUND,0.000,88798,AAMODT,0.000,41519
Message: $LAST : AABY
 Results: AABERG,0.000,38738,AABY,0.000,75676,AADLAND,0.000,58868,AAGAARD,0.000,48524,AAKRE,0.000,48523,AALAND,0.000,75675,AALBERS,0.000,53210,AALDERINK,0.000,88799,AALUND,0.000,88798,AAMODT,0.000,41519
Message: $LAST : ZZZZ
 Results: ZYNDA,0.000,23273,ZYSETT,0.000,75677,ZYSK,0.000,38739,ZYSKOWSKI,0.000,44773,ZYWIEC,0.000,41520
Message: $LAST : AALAND
 Results: AABERG,0.000,38738,AABY,0.000,75676,AADLAND,0.000,58868,AAGAARD,0.000,48524,AAKRE,0.000,48523,AALAND,0.000,75675,AALBERS,0.000,53210,AALDERINK,0.000,88799,AALUND,0.000,88798,AAMODT,0.000,41519
Message: $LAST : AALBERS
 Results: AABY,0.000,75676,AADLAND,0.000,58868,AAGAARD,0.000,48524,AAKRE,0.000,48523,AALAND,0.000,75675,AALBERS,0.000,53210,AALDERINK,0.000,88799,AALUND,0.000,88798,AAMODT,0.000,41519,AAMOT,0.000,53209
Message: $LAST : ZZZ
 Results: ZYNDA,0.000,23273,ZYSETT,0.000,75677,ZYSK,0.000,38739,ZYSKOWSKI,0.000,44773,ZYWIEC,0.000,41520
Message: $LAST : ALEXANDER
 Results: ALEWINE,0.000,21096,ALEX,0.002,7442,ALEXADER,0.000,75562,ALEXAKI,0.000,75561,ALEXAKIS,0.000,88640,ALEXANDER,0.085,96,ALEXANDERS,0.000,88639,ALEXANDRA,0.000,23262,ALEXANDRE,0.001,12486,ALEXANDRIA,0.000,25863
Message: $MALE : ROBERT
 Results: RIGOBERTO,0.011,653,RILEY,0.010,669,ROB,0.013,603,ROBBIE,0.016,537,ROBBY,0.008,780,ROBERT,3.143,3,ROBERTO,0.097,186,ROBIN,0.032,375,ROBT,0.005,982,ROCCO,0.011,645
Message: $LAST : ALEXANDER
 Results: ALEWINE,0.000,21096,ALEX,0.002,7442,ALEXADER,0.000,75562,ALEXAKI,0.000,75561,ALEXAKIS,0.000,88640,ALEXANDER,0.085,96,ALEXANDERS,0.000,88639,ALEXANDRA,0.000,23262,ALEXANDRE,0.001,12486,ALEXANDRIA,0.000,25863
Message: $FEMALE : ALEX
 Results: ALESSANDRA,0.001,3588,ALETA,0.004,1508,ALETHA,0.006,1249,ALETHEA,0.003,2022,ALETHIA,0.002,2435,ALEX,0.002,2660,ALEXA,0.006,1227,ALEXANDER,0.002,2170,ALEXANDRA,0.039,396,ALEXANDRIA,0.014,747
Message: $LAST : RIVERA
 Results: RIVENBARK,0.001,17585,RIVENBERG,0.000,45689,RIVENBURG,0.001,13662,RIVENBURGH,0.000,27206,RIVER,0.001,15371,RIVERA,0.113,61,RIVERAS,0.000,68594,RIVERIA,0.001,12530,RIVERMAN,0.000,79098,RIVERO,0.002,4920
Message: $LAST : WILLIAM
 Results: WILLHELM,0.000,53384,WILLHITE,0.001,9376,WILLHOITE,0.000,29442,WILLI,0.000,66471,WILLIA,0.000,66470,WILLIAM,0.016,731,WILLIAMA,0.000,76124,WILLIAMIS,0.000,66469,WILLIAMON,0.000,53383,WILLIAMS,0.699,3
Message: $LAST : WILLIAM
 Results: WILLHELM,0.000,53384,WILLHITE,0.001,9376,WILLHOITE,0.000,29442,WILLI,0.000,66471,WILLIA,0.000,66470,WILLIAM,0.016,731,WILLIAMA,0.000,76124,WILLIAMIS,0.000,66469,WILLIAMON,0.000,53383,WILLIAMS,0.699,3
Message: $LAST : WILLIAM
 Results: WILLHELM,0.000,53384,WILLHITE,0.001,9376,WILLHOITE,0.000,29442,WILLI,0.000,66471,WILLIA,0.000,66470,WILLIAM,0.016,731,WILLIAMA,0.000,76124,WILLIAMIS,0.000,66469,WILLIAMON,0.000,53383,WILLIAMS,0.699,3
Message: $LAST : JOHNSON
 Results: JOHNS,0.019,614,JOHNSEN,0.002,5989,JOHNSEY,0.000,31768,JOHNSHOY,0.000,71628,JOHNSO,0.000,43358,JOHNSON,0.810,2,JOHNSRUD,0.000,26436,JOHNSTAD,0.000,37726,JOHNSTON,0.049,214,JOHNSTONBAUGH,0.000,83269
Message: $LAST : 
 Results: AABERG,0.000,38738,AABY,0.000,75676,AADLAND,0.000,58868,AAGAARD,0.000,48524,AAKRE,0.000,48523,AALAND,0.000,75675,AALBERS,0.000,53210,AALDERINK,0.000,88799,AALUND,0.000,88798,AAMODT,0.000,41519
Message: $LAST : LOL
 Results: LOKIETEK,0.000,35323,LOKKE,0.000,70665,LOKKEN,0.001,16448,LOKKER,0.000,62323,LOKUTA,0.000,70664,LOLA,0.000,50718,LOLAGNE,0.000,46538,LOLAR,0.000,70663,LOLI,0.000,70662,LOLL,0.000,20126
Message: $LAST : SMITH
 Results: SMILLIE,0.000,32817,SMILY,0.000,67745,SMINK,0.000,54155,SMISEK,0.000,67744,SMIT,0.001,12725,SMITH,1.006,1,SMITHBERGER,0.000,67743,SMITHE,0.000,78005,SMITHEE,0.000,34689,SMITHEN,0.000,67742
Message: $LAST : SMITH
 Results: SMILLIE,0.000,32817,SMILY,0.000,67745,SMINK,0.000,54155,SMISEK,0.000,67744,SMIT,0.001,12725,SMITH,1.006,1,SMITHBERGER,0.000,67743,SMITHE,0.000,78005,SMITHEE,0.000,34689,SMITHEN,0.000,67742
Message: $MALE : PRESTON
 Results: PHILIP,0.197,95,PHILLIP,0.213,87,PIERRE,0.016,531,PORFIRIO,0.005,938,PORTER,0.004,1200,PRESTON,0.034,360,PRINCE,0.005,937,QUENTIN,0.015,562,QUINCY,0.010,675,QUINN,0.005,994
Message: $LAST : BASTING
 Results: BASTIEN,0.001,15589,BASTILLA,0.000,75158,BASTILLE,0.000,36310,BASTIN,0.000,22472,BASTINE,0.000,65786,BASTON,0.000,26830,BASTONE,0.000,36309,BASTOS,0.000,34265,BASTOW,0.000,58583,BASTRESS,0.000,75157
Message: $LAST : RIVERA
 Results: RIVENBARK,0.001,17585,RIVENBERG,0.000,45689,RIVENBURG,0.001,13662,RIVENBURGH,0.000,27206,RIVER,0.001,15371,RIVERA,0.113,61,RIVERAS,0.000,68594,RIVERIA,0.001,12530,RIVERMAN,0.000,79098,RIVERO,0.002,4920
Message: $LAST : JOHN
 Results: JOHANSSON,0.001,17716,JOHAR,0.000,56475,JOHE,0.000,83272,JOHENGEN,0.000,56474,JOHLL,0.000,35513,JOHN,0.010,1172,JOHNDROW,0.000,28835,JOHNGRASS,0.000,51173,JOHNICO,0.000,71629,JOHNIGAN,0.000,35512
Message: $LAST : 
 Results: AABERG,0.000,38738,AABY,0.000,75676,AADLAND,0.000,58868,AAGAARD,0.000,48524,AAKRE,0.000,48523,AALAND,0.000,75675,AALBERS,0.000,53210,AALDERINK,0.000,88799,AALUND,0.000,88798,AAMODT,0.000,41519
Message: $LAST : SKON
 Results: SKOLFIELD,0.000,54175,SKOLNICK,0.000,21229,SKOLNIK,0.000,31112,SKOMO,0.000,67786,SKOMSKY,0.000,49347,SKONCZEWSKI,0.000,78054,SKONE,0.000,78053,SKOOG,0.001,12320,SKORA,0.000,27085,SKORCZ,0.000,45383
Message: $LAST : SKON
 Results: SKOLFIELD,0.000,54175,SKOLNICK,0.000,21229,SKOLNIK,0.000,31112,SKOMO,0.000,67786,SKOMSKY,0.000,49347,SKONCZEWSKI,0.000,78054,SKONE,0.000,78053,SKOOG,0.001,12320,SKORA,0.000,27085,SKORCZ,0.000,45383
Message: $LAST : SKON
 Results: SKOLFIELD,0.000,54175,SKOLNICK,0.000,21229,SKOLNIK,0.000,31112,SKOMO,0.000,67786,SKOMSKY,0.000,49347,SKONCZEWSKI,0.000,78054,SKONE,0.000,78053,SKOOG,0.001,12320,SKORA,0.000,27085,SKORCZ,0.000,45383
Name data loaded!
Success creating pipe: Namerequest
Success creating pipe: Namereply
Message: $LAST : KENYON
 Results: KENTER,0.000,43298,KENTNER,0.000,25467,KENTON,0.000,24559,KENWOOD,0.000,56344,KENWORTHY,0.001,10479,KENYON,0.005,2666,KENZIE,0.000,83016,KEO,0.001,11203,KEOBAUNLEUANG,0.000,83015,KEODALAH,0.000,83014
Message: $LAST : KENYON
 Results: KENTER,0.000,43298,KENTNER,0.000,25467,KENTON,0.000,24559,KENWOOD,0.000,56344,KENWORTHY,0.001,10479,KENYON,0.005,2666,KENZIE,0.000,83016,KEO,0.001,11203,KEOBAUNLEUANG,0.000,83015,KEODALAH,0.000,83014
Message: $MALE : KENYON
 Results: KENNETH,0.826,17,KENNITH,0.007,804,KENNY,0.039,324,KENT,0.048,293,KENTON,0.005,987,KERMIT,0.013,588,KERRY,0.036,346,KEVEN,0.005,949,KEVIN,0.671,23,KIETH,0.006,898
Message: $LAST : HEY
 Results: HEWLETT,0.002,6753,HEWLIN,0.000,27588,HEWS,0.000,37824,HEWSON,0.000,30274,HEXIMER,0.000,51374,HEY,0.001,16502,HEYBROCK,0.000,83813,HEYD,0.000,26480,HEYDE,0.000,43481,HEYDEL,0.000,63341
Message: $LAST : COLLEGE
 Results: COLLAZO,0.005,2661,COLLE,0.000,57927,COLLEA,0.000,74065,COLLEDGE,0.000,30600,COLLEEN,0.000,57926,COLLEGE,0.000,47899,COLLELLA,0.000,41087,COLLELO,0.000,23141,COLLEN,0.000,26704,COLLER,0.000,20977
Message: $LAST : KENYON
 Results: KENTER,0.000,43298,KENTNER,0.000,25467,KENTON,0.000,24559,KENWOOD,0.000,56344,KENWORTHY,0.001,10479,KENYON,0.005,2666,KENZIE,0.000,83016,KEO,0.001,11203,KEOBAUNLEUANG,0.000,83015,KEODALAH,0.000,83014
Message: $LAST : JACK
 Results: JACCKSON,0.000,71701,JACEK,0.000,40390,JACH,0.000,43382,JACINTHE,0.000,83394,JACINTO,0.001,9821,JACK,0.007,1852,JACKA,0.000,71700,JACKEL,0.000,31788,JACKELS,0.000,63099,JACKETT,0.000,83393
Message: $LAST : ALTON
 Results: ALTOBELLO,0.000,34330,ALTOM,0.001,11753,ALTOMARE,0.000,58787,ALTOMARI,0.000,28053,ALTOMONTE,0.000,53122,ALTON,0.002,5105,ALTONEN,0.000,66069,ALTOP,0.000,75530,ALTRECHE,0.000,44727,ALTRINGER,0.000,75529
Message: $LAST : $ALTON
 Results: AABERG,0.000,38738,AABY,0.000,75676,AADLAND,0.000,58868,AAGAARD,0.000,48524,AAKRE,0.000,48523,AALAND,0.000,75675,AALBERS,0.000,53210,AALDERINK,0.000,88799,AALUND,0.000,88798,AAMODT,0.000,41519
Message: $LAST : $ALTO$N$
 Results: AABERG,0.000,38738,AABY,0.000,75676,AADLAND,0.000,58868,AAGAARD,0.000,48524,AAKRE,0.000,48523,AALAND,0.000,75675,AALBERS,0.000,53210,AALDERINK,0.000,88799,AALUND,0.000,88798,AAMODT,0.000,41519
Message: $LAST : GAVIN
 Results: GAVIA,0.000,30386,GAVIDIA,0.000,57120,GAVIGAN,0.000,84745,GAVIGLIA,0.000,72682,GAVILANES,0.000,37972,GAVIN,0.005,2659,GAVINA,0.000,31975,GAVINSKI,0.000,84744,GAVIRIA,0.000,84743,GAVIT,0.000,72681
Message: $LAST : GAVIN
 Results: GAVIA,0.000,30386,GAVIDIA,0.000,57120,GAVIGAN,0.000,84745,GAVIGLIA,0.000,72682,GAVILANES,0.000,37972,GAVIN,0.005,2659,GAVINA,0.000,31975,GAVINSKI,0.000,84744,GAVIRIA,0.000,84743,GAVIT,0.000,72681
Message: $LAST : GAVIN
 Results: GAVIA,0.000,30386,GAVIDIA,0.000,57120,GAVIGAN,0.000,84745,GAVIGLIA,0.000,72682,GAVILANES,0.000,37972,GAVIN,0.005,2659,GAVINA,0.000,31975,GAVINSKI,0.000,84744,GAVIRIA,0.000,84743,GAVIT,0.000,72681
Message: $LAST : BOB
 Results: BOATMAN,0.002,4809,BOATNER,0.001,10667,BOATRIGHT,0.003,4677,BOATWRIGHT,0.003,4403,BOAZ,0.001,11741,BOB,0.001,16626,BOBACK,0.000,34209,BOBADILLA,0.001,11740,BOBAK,0.000,65537,BOBB,0.001,9469
Message: $LAST : SMITH
 Results: SMILLIE,0.000,32817,SMILY,0.000,67745,SMINK,0.000,54155,SMISEK,0.000,67744,SMIT,0.001,12725,SMITH,1.006,1,SMITHBERGER,0.000,67743,SMITHE,0.000,78005,SMITHEE,0.000,34689,SMITHEN,0.000,67742
Message: $LAST : SMITH
 Results: SMILLIE,0.000,32817,SMILY,0.000,67745,SMINK,0.000,54155,SMISEK,0.000,67744,SMIT,0.001,12725,SMITH,1.006,1,SMITHBERGER,0.000,67743,SMITHE,0.000,78005,SMITHEE,0.000,34689,SMITHEN,0.000,67742
Message: $LAST : SMITH
 Results: SMILLIE,0.000,32817,SMILY,0.000,67745,SMINK,0.000,54155,SMISEK,0.000,67744,SMIT,0.001,12725,SMITH,1.006,1,SMITHBERGER,0.000,67743,SMITHE,0.000,78005,SMITHEE,0.000,34689,SMITHEN,0.000,67742
Message: $LAST : CC
 Results: CAZEL,0.000,74269,CAZENAVE,0.000,34082,CAZIER,0.000,30634,CAZORLA,0.000,58060,CAZZELL,0.000,86909,CDEBACA,0.000,52502,CEA,0.000,34081,CEARLEY,0.001,16596,CEARLOCK,0.000,86908,CEARNS,0.000,65080
Message: $MALE : YANQI
 Results: WINSTON,0.019,481,WM,0.033,364,WOODROW,0.025,412,WYATT,0.006,855,XAVIER,0.013,587,YONG,0.006,921,YOUNG,0.007,807,ZACHARIAH,0.005,957,ZACHARY,0.099,181,ZACHERY,0.008,761
Message: $FEMALE : YANQI
 Results: YAHAIRA,0.001,3594,YAJAIRA,0.001,3670,YAN,0.002,2552,YANG,0.002,2734,YANIRA,0.002,2703,YASMIN,0.004,1653,YASMINE,0.001,3233,YASUKO,0.001,3286,YEE,0.002,2702,YELENA,0.001,3593
Message: $LAST : YANQI
 Results: YANNUZZI,0.000,44834,YANOFF,0.000,75946,YANOFSKY,0.000,48592,YANOS,0.000,38787,YANOSKY,0.000,59012,YANT,0.000,22517,YANTIS,0.000,18850,YANTZ,0.000,59011,YANTZER,0.000,59010,YANTZI,0.000,66353
Message: $LAST : XU
 Results: XIAO,0.000,26915,XIE,0.001,17912,XIMENEZ,0.000,41581,XIMINES,0.000,59024,XIONG,0.007,1731,XU,0.001,10540,XUE,0.000,48597,XYONG,0.000,66377,YA,0.000,48596,YABLONSKI,0.000,32539
Message: $LAST : XU
 Results: XIAO,0.000,26915,XIE,0.001,17912,XIMENEZ,0.000,41581,XIMINES,0.000,59024,XIONG,0.007,1731,XU,0.001,10540,XUE,0.000,48597,XYONG,0.000,66377,YA,0.000,48596,YABLONSKI,0.000,32539
Message: $LAST : KENYON
 Results: KENTER,0.000,43298,KENTNER,0.000,25467,KENTON,0.000,24559,KENWOOD,0.000,56344,KENWORTHY,0.001,10479,KENYON,0.005,2666,KENZIE,0.000,83016,KEO,0.001,11203,KEOBAUNLEUANG,0.000,83015,KEODALAH,0.000,83014
Name data loaded!
Success creating pipe: Namerequest
Success creating pipe: Namereply
Message: $LAST : BOAT
 Results: BOARDWINE,0.000,65539,BOARMAN,0.000,30723,BOARTS,0.000,65538,BOAS,0.000,30722,BOAST,0.000,52783,BOATENG,0.000,25785,BOATFIELD,0.000,52782,BOATMAN,0.002,4809,BOATNER,0.001,10667,BOATRIGHT,0.003,4677
Name data loaded!
Success creating pipe: Namerequest
Success creating pipe: Namereply
Message: $MALE : ASDSAD
 Results: ARRON,0.008,790,ART,0.009,710,ARTHUR,0.335,48,ARTURO,0.043,304,ASA,0.004,1133,ASHLEY,0.014,584,AUBREY,0.019,495,AUGUST,0.015,551,AUGUSTINE,0.007,806,AUGUSTUS,0.005,948
Message: $MALE : ASDSAD
 Results: ARRON,0.008,790,ART,0.009,710,ARTHUR,0.335,48,ARTURO,0.043,304,ASA,0.004,1133,ASHLEY,0.014,584,AUBREY,0.019,495,AUGUST,0.015,551,AUGUSTINE,0.007,806,AUGUSTUS,0.005,948
Message: $MALE : ASDSAD
 Results: ARRON,0.008,790,ART,0.009,710,ARTHUR,0.335,48,ARTURO,0.043,304,ASA,0.004,1133,ASHLEY,0.014,584,AUBREY,0.019,495,AUGUST,0.015,551,AUGUSTINE,0.007,806,AUGUSTUS,0.005,948
Message: $MALE : ASDSAD
 Results: ARRON,0.008,790,ART,0.009,710,ARTHUR,0.335,48,ARTURO,0.043,304,ASA,0.004,1133,ASHLEY,0.014,584,AUBREY,0.019,495,AUGUST,0.015,551,AUGUSTINE,0.007,806,AUGUSTUS,0.005,948
Message: $LAST : SMITH
 Results: SMILLIE,0.000,32817,SMILY,0.000,67745,SMINK,0.000,54155,SMISEK,0.000,67744,SMIT,0.001,12725,SMITH,1.006,1,SMITHBERGER,0.000,67743,SMITHE,0.000,78005,SMITHEE,0.000,34689,SMITHEN,0.000,67742
